Using pre-set license
Built from '2020.3/release' branch; Version is '2020.3.12f1 (b3b2c6512326) revision 11776710'; Using compiler version '192528614'; Build Type 'Release'
OS: 'Windows 10 Home; OS build 19043.1586; Version 2009; 64bit' Language: 'en' Physical Memory: 16306 MB
BatchMode: 1, IsHumanControllingUs: 0, StartBugReporterOnCrash: 0, Is64bit: 1, IsPro: 0

 COMMAND LINE ARGUMENTS:
C:\Program Files\2020.3.12f1\Editor\Unity.exe
-adb2
-batchMode
-noUpm
-name
AssetImportWorker1
-projectPath
D:/ruyak/Documents/University/Third Year/Final-Year-Project/Ruya Kumru-Holroyd/Ruya Kumru-Holroyd/Development/Code/Prototpye 2
-logFile
Logs/AssetImportWorker1.log
-srvPort
62843
Successfully changed project path to: D:/ruyak/Documents/University/Third Year/Final-Year-Project/Ruya Kumru-Holroyd/Ruya Kumru-Holroyd/Development/Code/Prototpye 2
D:/ruyak/Documents/University/Third Year/Final-Year-Project/Ruya Kumru-Holroyd/Ruya Kumru-Holroyd/Development/Code/Prototpye 2
Using Asset Import Pipeline V2.
Refreshing native plugins compatible for Editor in 65.33 ms, found 2 plugins.
Preloading 0 native plugins for Editor in 0.00 ms.
Initialize engine version: 2020.3.12f1 (b3b2c6512326)
[Subsystems] Discovering subsystems at path C:/Program Files/2020.3.12f1/Editor/Data/Resources/UnitySubsystems
[Subsystems] Discovering subsystems at path D:/ruyak/Documents/University/Third Year/Final-Year-Project/Ruya Kumru-Holroyd/Ruya Kumru-Holroyd/Development/Code/Prototpye 2/Assets
GfxDevice: creating device client; threaded=0
Direct3D:
    Version:  Direct3D 11.0 [level 11.1]
    Renderer: NVIDIA GeForce RTX 3070 (ID=0x2484)
    Vendor:   
    VRAM:     8043 MB
    Driver:   30.0.14.7168
Initialize mono
Mono path[0] = 'C:/Program Files/2020.3.12f1/Editor/Data/Managed'
Mono path[1] = 'C:/Program Files/2020.3.12f1/Editor/Data/MonoBleedingEdge/lib/mono/unityjit'
Mono config path = 'C:/Program Files/2020.3.12f1/Editor/Data/MonoBleedingEdge/etc'
Using monoOptions --debugger-agent=transport=dt_socket,embedding=1,server=y,suspend=n,address=127.0.0.1:56836
Begin MonoManager ReloadAssembly
Registering precompiled unity dll's ...
Register platform support module: C:/Program Files/2020.3.12f1/Editor/Data/PlaybackEngines/WindowsStandaloneSupport/UnityEditor.WindowsStandalone.Extensions.dll
Registered in 0.003157 seconds.
Native extension for WindowsStandalone target not found
Refreshing native plugins compatible for Editor in 60.84 ms, found 2 plugins.
Preloading 0 native plugins for Editor in 0.00 ms.
Mono: successfully reloaded assembly
- Completed reload, in  1.355 seconds
Platform modules already initialized, skipping
Registering precompiled user dll's ...
Registered in 0.006383 seconds.
Begin MonoManager ReloadAssembly
Native extension for WindowsStandalone target not found
Refreshing native plugins compatible for Editor in 0.63 ms, found 2 plugins.
Preloading 0 native plugins for Editor in 0.00 ms.
