Using pre-set license
Built from '2020.3/release' branch; Version is '2020.3.12f1 (b3b2c6512326) revision 11776710'; Using compiler version '192528614'; Build Type 'Release'
OS: 'Windows 10 Home; OS build 19043.1586; Version 2009; 64bit' Language: 'en' Physical Memory: 16306 MB
BatchMode: 1, IsHumanControllingUs: 0, StartBugReporterOnCrash: 0, Is64bit: 1, IsPro: 0

 COMMAND LINE ARGUMENTS:
C:\Program Files\2020.3.12f1\Editor\Unity.exe
-adb2
-batchMode
-noUpm
-name
AssetImportWorker0
-projectPath
D:/ruyak/Documents/University/Third Year/Final-Year-Project/Ruya Kumru-Holroyd/Ruya Kumru-Holroyd/Development/Code/Prototpye 2
-logFile
Logs/AssetImportWorker0.log
-srvPort
53333
Successfully changed project path to: D:/ruyak/Documents/University/Third Year/Final-Year-Project/Ruya Kumru-Holroyd/Ruya Kumru-Holroyd/Development/Code/Prototpye 2
D:/ruyak/Documents/University/Third Year/Final-Year-Project/Ruya Kumru-Holroyd/Ruya Kumru-Holroyd/Development/Code/Prototpye 2
Using Asset Import Pipeline V2.
Refreshing native plugins compatible for Editor in 91.39 ms, found 2 plugins.
Preloading 0 native plugins for Editor in 0.00 ms.
Initialize engine version: 2020.3.12f1 (b3b2c6512326)
[Subsystems] Discovering subsystems at path C:/Program Files/2020.3.12f1/Editor/Data/Resources/UnitySubsystems
[Subsystems] Discovering subsystems at path D:/ruyak/Documents/University/Third Year/Final-Year-Project/Ruya Kumru-Holroyd/Ruya Kumru-Holroyd/Development/Code/Prototpye 2/Assets
GfxDevice: creating device client; threaded=0
Direct3D:
    Version:  Direct3D 11.0 [level 11.1]
    Renderer: NVIDIA GeForce RTX 3070 (ID=0x2484)
    Vendor:   
    VRAM:     8043 MB
    Driver:   30.0.14.7168
Initialize mono
Mono path[0] = 'C:/Program Files/2020.3.12f1/Editor/Data/Managed'
Mono path[1] = 'C:/Program Files/2020.3.12f1/Editor/Data/MonoBleedingEdge/lib/mono/unityjit'
Mono config path = 'C:/Program Files/2020.3.12f1/Editor/Data/MonoBleedingEdge/etc'
Using monoOptions --debugger-agent=transport=dt_socket,embedding=1,server=y,suspend=n,address=127.0.0.1:56868
Begin MonoManager ReloadAssembly
Registering precompiled unity dll's ...
Register platform support module: C:/Program Files/2020.3.12f1/Editor/Data/PlaybackEngines/WindowsStandaloneSupport/UnityEditor.WindowsStandalone.Extensions.dll
Registered in 0.001492 seconds.
Native extension for WindowsStandalone target not found
Refreshing native plugins compatible for Editor in 37.57 ms, found 2 plugins.
Preloading 0 native plugins for Editor in 0.00 ms.
Mono: successfully reloaded assembly
- Completed reload, in  0.905 seconds
Platform modules already initialized, skipping
Registering precompiled user dll's ...
Registered in 0.003905 seconds.
Begin MonoManager ReloadAssembly
Native extension for WindowsStandalone target not found
Refreshing native plugins compatible for Editor in 0.57 ms, found 2 plugins.
Preloading 0 native plugins for Editor in 0.00 ms.
Mono: successfully reloaded assembly
- Completed reload, in  0.863 seconds
Platform modules already initialized, skipping
========================================================================
Worker process is ready to serve import requests
Launched and connected shader compiler UnityShaderCompiler.exe after 0.03 seconds
Refreshing native plugins compatible for Editor in 2.78 ms, found 2 plugins.
Preloading 0 native plugins for Editor in 0.00 ms.
Unloading 2063 Unused Serialized files (Serialized files now loaded: 0)
System memory in use before: 110.8 MB.
System memory in use after: 110.5 MB.

Unloading 59 unused Assets to reduce memory usage. Loaded Objects now: 2512.
Total: 8.915400 ms (FindLiveObjects: 0.363700 ms CreateObjectMapping: 0.210100 ms MarkObjects: 7.839500 ms  DeleteObjects: 0.500300 ms)

AssetImportParameters requested are different than current active one (requested -> active):
  custom:framework-win-MediaFoundation: 216162199b28c13a410421893ffa2e32 -> 
  custom:video-decoder-ogg-theora: a1e56fd34408186e4bbccfd4996cb3dc -> 
  custom:container-muxer-webm: aa71ff27fc2769a1b78a27578f13a17b -> 
  custom:container-demuxer-webm: 4f35f7cbe854078d1ac9338744f61a02 -> 
  custom:container-demuxer-ogg: 62fdf1f143b41e24485cea50d1cbac27 -> 
  custom:video-encoder-webm-vp8: eb34c28f22e8b96e1ab97ce403110664 -> 
  custom:video-decoder-webm-vp8: 9c59270c3fd7afecdb556c50c9e8de78 -> 
  custom:audio-decoder-ogg-vorbis: bf7c407c2cedff20999df2af8eb42d56 -> 
  custom:audio-encoder-webm-vorbis: bf7c407c2cedff20999df2af8eb42d56 -> 
========================================================================
Received Import Request.
  path: Assets/Scripts/Keybindings.asset
  artifactKey: Guid(e0467658f408018488897e3f4ddb4586) Importer(815301076,1909f56bfc062723c751e8b465ee728b)
Start importing Assets/Scripts/Keybindings.asset using Guid(e0467658f408018488897e3f4ddb4586) Importer(815301076,1909f56bfc062723c751e8b465ee728b)  -> (artifact id: '595c5e16016fabdfabaa74f1911514c0') in 0.041472 seconds 
  Import took 0.045966 seconds .

========================================================================
Received Import Request.
  Time since last request: 415.984107 seconds.
  path: Assets/Materials/Box.mat
  artifactKey: Guid(b6ddbfcc00040884b9e70595d4c220bb) Importer(815301076,1909f56bfc062723c751e8b465ee728b)
Start importing Assets/Materials/Box.mat using Guid(b6ddbfcc00040884b9e70595d4c220bb) Importer(815301076,1909f56bfc062723c751e8b465ee728b)  -> (artifact id: '97a6a46e13466e0a70ede5b1217b9d3f') in 0.253543 seconds 
  Import took 0.256594 seconds .

========================================================================
Received Import Request.
  Time since last request: 0.000137 seconds.
  path: Assets/Materials/New Material 2.mat
  artifactKey: Guid(cc3e818ff6db52640a9d1527e892f914) Importer(815301076,1909f56bfc062723c751e8b465ee728b)
Start importing Assets/Materials/New Material 2.mat using Guid(cc3e818ff6db52640a9d1527e892f914) Importer(815301076,1909f56bfc062723c751e8b465ee728b)  -> (artifact id: '1ffba0f52227e67afaae4cc71a6348eb') in 0.021142 seconds 
  Import took 0.023452 seconds .

========================================================================
Received Import Request.
  Time since last request: 0.000126 seconds.
  path: Assets/Materials/New Material.mat
  artifactKey: Guid(45aa1d44c7076fd418e581029853a0a9) Importer(815301076,1909f56bfc062723c751e8b465ee728b)
Start importing Assets/Materials/New Material.mat using Guid(45aa1d44c7076fd418e581029853a0a9) Importer(815301076,1909f56bfc062723c751e8b465ee728b)  -> (artifact id: '8da012db463f540558408027bf342db9') in 0.009579 seconds 
  Import took 0.011948 seconds .

========================================================================
Received Import Request.
  Time since last request: 0.000113 seconds.
  path: Assets/Materials/New Material 1.mat
  artifactKey: Guid(6fe657bbfa3fecf4583b12ea945cd732) Importer(815301076,1909f56bfc062723c751e8b465ee728b)
Start importing Assets/Materials/New Material 1.mat using Guid(6fe657bbfa3fecf4583b12ea945cd732) Importer(815301076,1909f56bfc062723c751e8b465ee728b)  -> (artifact id: 'b0d62fd07652bfdfda7ad50116bba5a2') in 0.147875 seconds 
  Import took 0.150439 seconds .

========================================================================
Received Import Request.
  Time since last request: 0.000166 seconds.
  path: Assets/Materials/Bullet.mat
  artifactKey: Guid(2cfacdf1ccd482641bea63ae8fbdca0b) Importer(815301076,1909f56bfc062723c751e8b465ee728b)
Start importing Assets/Materials/Bullet.mat using Guid(2cfacdf1ccd482641bea63ae8fbdca0b) Importer(815301076,1909f56bfc062723c751e8b465ee728b)  -> (artifact id: 'f234eafcdc725d2352b1585ef409353c') in 0.008427 seconds 
  Import took 0.010726 seconds .

========================================================================
Received Import Request.
  Time since last request: 0.000167 seconds.
  path: Assets/Materials/Gun.mat
  artifactKey: Guid(5c1926a603996e443976240e2ce28593) Importer(815301076,1909f56bfc062723c751e8b465ee728b)
Start importing Assets/Materials/Gun.mat using Guid(5c1926a603996e443976240e2ce28593) Importer(815301076,1909f56bfc062723c751e8b465ee728b)  -> (artifact id: '08041219fa8a2a84869195a8d22e709e') in 0.008458 seconds 
  Import took 0.010863 seconds .

========================================================================
Received Import Request.
  Time since last request: 27.911703 seconds.
  path: Assets/Art/Bad Thoughts.png
  artifactKey: Guid(8a901a7bb47aae243810c1816a802f66) Importer(815301076,1909f56bfc062723c751e8b465ee728b)
Start importing Assets/Art/Bad Thoughts.png using Guid(8a901a7bb47aae243810c1816a802f66) Importer(815301076,1909f56bfc062723c751e8b465ee728b)  -> (artifact id: 'd2cb4cbfac66e52d9ecb2a2e51fd94f6') in 0.039852 seconds 
  Import took 0.042372 seconds .

========================================================================
Received Import Request.
  Time since last request: 0.000104 seconds.
  path: Assets/Art/New Piskel (3).png
  artifactKey: Guid(05cf8feb6b1444444836e07e0bf0574d) Importer(815301076,1909f56bfc062723c751e8b465ee728b)
Start importing Assets/Art/New Piskel (3).png using Guid(05cf8feb6b1444444836e07e0bf0574d) Importer(815301076,1909f56bfc062723c751e8b465ee728b)  -> (artifact id: 'e6d5281cb831a844cf0e43731f9c158e') in 0.008433 seconds 
  Import took 0.010728 seconds .

========================================================================
Received Import Request.
  Time since last request: 0.000179 seconds.
  path: Assets/Art/Bad Thoughts.png
  artifactKey: Guid(8a901a7bb47aae243810c1816a802f66) Importer(815301076,1909f56bfc062723c751e8b465ee728b)
Start importing Assets/Art/Bad Thoughts.png using Guid(8a901a7bb47aae243810c1816a802f66) Importer(815301076,1909f56bfc062723c751e8b465ee728b)  -> (artifact id: 'd2cb4cbfac66e52d9ecb2a2e51fd94f6') in 0.008982 seconds 
  Import took 0.011398 seconds .

========================================================================
Received Import Request.
  Time since last request: 0.000120 seconds.
  path: Assets/Art/New Piskel (3).png
  artifactKey: Guid(05cf8feb6b1444444836e07e0bf0574d) Importer(815301076,1909f56bfc062723c751e8b465ee728b)
Start importing Assets/Art/New Piskel (3).png using Guid(05cf8feb6b1444444836e07e0bf0574d) Importer(815301076,1909f56bfc062723c751e8b465ee728b)  -> (artifact id: 'e6d5281cb831a844cf0e43731f9c158e') in 0.005164 seconds 
  Import took 0.007481 seconds .

========================================================================
Received Import Request.
  Time since last request: 82.090741 seconds.
  path: Assets/Materials/Metal_Corrugated_015_SD
  artifactKey: Guid(375f4469963c8ca42bb7d2bbb8154057) Importer(815301076,1909f56bfc062723c751e8b465ee728b)
Start importing Assets/Materials/Metal_Corrugated_015_SD using Guid(375f4469963c8ca42bb7d2bbb8154057) Importer(815301076,1909f56bfc062723c751e8b465ee728b)  -> (artifact id: 'c9f61f9e890ee52cb11a107da9df69e4') in 0.005392 seconds 
  Import took 0.007995 seconds .

========================================================================
Received Import Request.
  Time since last request: 0.065770 seconds.
  path: Assets/Materials/Metal_Corrugated_015_SD/Material_1971.jpg
  artifactKey: Guid(e091e372996da9c4a807468c79fdeaff) Importer(815301076,1909f56bfc062723c751e8b465ee728b)
Start importing Assets/Materials/Metal_Corrugated_015_SD/Material_1971.jpg using Guid(e091e372996da9c4a807468c79fdeaff) Importer(815301076,1909f56bfc062723c751e8b465ee728b)  -> (artifact id: '33c811fc19f531352aa0c149cb0f01b9') in 0.010967 seconds 
  Import took 0.013506 seconds .

========================================================================
Received Import Request.
  Time since last request: 0.000155 seconds.
  path: Assets/Materials/Metal_Corrugated_015_SD/Metal_Corrugated_015_basecolor.jpg
  artifactKey: Guid(61c2c981a7443c54a8557d4389e1d93b) Importer(815301076,1909f56bfc062723c751e8b465ee728b)
Start importing Assets/Materials/Metal_Corrugated_015_SD/Metal_Corrugated_015_basecolor.jpg using Guid(61c2c981a7443c54a8557d4389e1d93b) Importer(815301076,1909f56bfc062723c751e8b465ee728b)  -> (artifact id: '5ff6a222dfdd3544db5663d7a1c15081') in 0.009721 seconds 
  Import took 0.012044 seconds .

========================================================================
Received Import Request.
  Time since last request: 0.000143 seconds.
  path: Assets/Materials/Metal_Corrugated_015_SD/Metal_Corrugated_015_roughness.jpg
  artifactKey: Guid(e694911775899cf47bcead323fe99fdf) Importer(815301076,1909f56bfc062723c751e8b465ee728b)
Start importing Assets/Materials/Metal_Corrugated_015_SD/Metal_Corrugated_015_roughness.jpg using Guid(e694911775899cf47bcead323fe99fdf) Importer(815301076,1909f56bfc062723c751e8b465ee728b)  -> (artifact id: '595449c4639f6c58ef9f51ba4a34ab2c') in 0.016366 seconds 
  Import took 0.018713 seconds .

========================================================================
Received Import Request.
  Time since last request: 0.000118 seconds.
  path: Assets/Materials/Metal_Corrugated_015_SD/Metal_Corrugated_015_height.png
  artifactKey: Guid(b704c7f93413f3743afbfa8d98a48e24) Importer(815301076,1909f56bfc062723c751e8b465ee728b)
Start importing Assets/Materials/Metal_Corrugated_015_SD/Metal_Corrugated_015_height.png using Guid(b704c7f93413f3743afbfa8d98a48e24) Importer(815301076,1909f56bfc062723c751e8b465ee728b)  -> (artifact id: '815d81ac756d70b4dba10fe67062ace3') in 0.019385 seconds 
  Import took 0.021942 seconds .

========================================================================
Received Import Request.
  Time since last request: 0.000116 seconds.
  path: Assets/Materials/Metal_Corrugated_015_SD/Metal_Corrugated_015_normal.jpg
  artifactKey: Guid(6d4c329d33014274bb3eaf2aae00480e) Importer(815301076,1909f56bfc062723c751e8b465ee728b)
Start importing Assets/Materials/Metal_Corrugated_015_SD/Metal_Corrugated_015_normal.jpg using Guid(6d4c329d33014274bb3eaf2aae00480e) Importer(815301076,1909f56bfc062723c751e8b465ee728b)  -> (artifact id: '9610b43e08f6e0e6009d81e6fc2922ec') in 0.016239 seconds 
  Import took 0.018877 seconds .

========================================================================
Received Import Request.
  Time since last request: 0.000119 seconds.
  path: Assets/Materials/Metal_Corrugated_015_SD/Metal_Corrugated_015_ambientOcclusion.jpg
  artifactKey: Guid(5050a12aec80446499226ef2b47f754d) Importer(815301076,1909f56bfc062723c751e8b465ee728b)
Start importing Assets/Materials/Metal_Corrugated_015_SD/Metal_Corrugated_015_ambientOcclusion.jpg using Guid(5050a12aec80446499226ef2b47f754d) Importer(815301076,1909f56bfc062723c751e8b465ee728b)  -> (artifact id: 'c2020889c7799d18155dd6d29478cfce') in 0.018246 seconds 
  Import took 0.020719 seconds .

========================================================================
Received Import Request.
  Time since last request: 0.000149 seconds.
  path: Assets/Materials/Metal_Corrugated_015_SD/Metal_Corrugated_015_metallic.jpg
  artifactKey: Guid(4170fa282842a594abc9f2e2d8419ad7) Importer(815301076,1909f56bfc062723c751e8b465ee728b)
Start importing Assets/Materials/Metal_Corrugated_015_SD/Metal_Corrugated_015_metallic.jpg using Guid(4170fa282842a594abc9f2e2d8419ad7) Importer(815301076,1909f56bfc062723c751e8b465ee728b)  -> (artifact id: '0dd585bdeace81cedae5a8a369308dcb') in 0.011643 seconds 
  Import took 0.014107 seconds .

========================================================================
Received Import Request.
  Time since last request: 0.000130 seconds.
  path: Assets/Materials/Metal_Corrugated_015_SD/Metal_Corrugated_015_ambientOcclusion.jpg
  artifactKey: Guid(5050a12aec80446499226ef2b47f754d) Importer(815301076,1909f56bfc062723c751e8b465ee728b)
Start importing Assets/Materials/Metal_Corrugated_015_SD/Metal_Corrugated_015_ambientOcclusion.jpg using Guid(5050a12aec80446499226ef2b47f754d) Importer(815301076,1909f56bfc062723c751e8b465ee728b)  -> (artifact id: 'c2020889c7799d18155dd6d29478cfce') in 0.013211 seconds 
  Import took 0.015701 seconds .

========================================================================
Received Import Request.
  Time since last request: 21.138645 seconds.
  path: Assets/Materials
  artifactKey: Guid(14039570328367641abb1170a989535f) Importer(815301076,1909f56bfc062723c751e8b465ee728b)
Start importing Assets/Materials using Guid(14039570328367641abb1170a989535f) Importer(815301076,1909f56bfc062723c751e8b465ee728b)  -> (artifact id: '198a7b3090b4cb07593c3dbe46eb3858') in 0.004694 seconds 
  Import took 0.007206 seconds .

========================================================================
Received Prepare
Registering precompiled user dll's ...
Registered in 0.003951 seconds.
Begin MonoManager ReloadAssembly
Native extension for WindowsStandalone target not found
Refreshing native plugins compatible for Editor in 0.59 ms, found 2 plugins.
Preloading 0 native plugins for Editor in 0.00 ms.
Mono: successfully reloaded assembly
- Completed reload, in  0.770 seconds
Platform modules already initialized, skipping
Refreshing native plugins compatible for Editor in 0.59 ms, found 2 plugins.
Preloading 0 native plugins for Editor in 0.00 ms.
Unloading 2038 Unused Serialized files (Serialized files now loaded: 0)
System memory in use before: 112.1 MB.
System memory in use after: 111.9 MB.

Unloading 50 unused Assets to reduce memory usage. Loaded Objects now: 2559.
Total: 4.147900 ms (FindLiveObjects: 0.163800 ms CreateObjectMapping: 0.069000 ms MarkObjects: 3.681300 ms  DeleteObjects: 0.232900 ms)

AssetImportParameters requested are different than current active one (requested -> active):
  custom:framework-win-MediaFoundation: 216162199b28c13a410421893ffa2e32 -> 
  custom:video-decoder-ogg-theora: a1e56fd34408186e4bbccfd4996cb3dc -> 
  custom:container-muxer-webm: aa71ff27fc2769a1b78a27578f13a17b -> 
  custom:container-demuxer-webm: 4f35f7cbe854078d1ac9338744f61a02 -> 
  custom:container-demuxer-ogg: 62fdf1f143b41e24485cea50d1cbac27 -> 
  custom:video-encoder-webm-vp8: eb34c28f22e8b96e1ab97ce403110664 -> 
  custom:video-decoder-webm-vp8: 9c59270c3fd7afecdb556c50c9e8de78 -> 
  custom:audio-decoder-ogg-vorbis: bf7c407c2cedff20999df2af8eb42d56 -> 
  custom:audio-encoder-webm-vorbis: bf7c407c2cedff20999df2af8eb42d56 -> 
========================================================================
Received Import Request.
  Time since last request: 17.943854 seconds.
  path: Assets/Materials/New Material 3.mat
  artifactKey: Guid(f853afa26480bbf49a7985adc3a84a15) Importer(815301076,1909f56bfc062723c751e8b465ee728b)
Start importing Assets/Materials/New Material 3.mat using Guid(f853afa26480bbf49a7985adc3a84a15) Importer(815301076,1909f56bfc062723c751e8b465ee728b)  -> (artifact id: '59610a711d82d01c34d55d5f133104e5') in 0.041271 seconds 
  Import took 0.043675 seconds .

========================================================================
Received Import Request.
  Time since last request: 129.477498 seconds.
  path: Assets/Scripts/GunShoot.cs
  artifactKey: Guid(d8114fdf7044c20498683f40d3120e2e) Importer(815301076,1909f56bfc062723c751e8b465ee728b)
Start importing Assets/Scripts/GunShoot.cs using Guid(d8114fdf7044c20498683f40d3120e2e) Importer(815301076,1909f56bfc062723c751e8b465ee728b)  -> (artifact id: '1788213151d9a39fc1687685dd2271a0') in 0.007641 seconds 
  Import took 0.010255 seconds .

========================================================================
Received Import Request.
  Time since last request: 0.000450 seconds.
  path: Assets/Scripts/GunShoot.cs
  artifactKey: Guid(d8114fdf7044c20498683f40d3120e2e) Importer(815301076,1909f56bfc062723c751e8b465ee728b)
Start importing Assets/Scripts/GunShoot.cs using Guid(d8114fdf7044c20498683f40d3120e2e) Importer(815301076,1909f56bfc062723c751e8b465ee728b)  -> (artifact id: '1788213151d9a39fc1687685dd2271a0') in 0.001906 seconds 
  Import took 0.004233 seconds .

========================================================================
Received Prepare
Registering precompiled user dll's ...
Registered in 0.003846 seconds.
Begin MonoManager ReloadAssembly
Native extension for WindowsStandalone target not found
Refreshing native plugins compatible for Editor in 0.58 ms, found 2 plugins.
Preloading 0 native plugins for Editor in 0.00 ms.
Mono: successfully reloaded assembly
- Completed reload, in  0.795 seconds
Platform modules already initialized, skipping
Refreshing native plugins compatible for Editor in 0.58 ms, found 2 plugins.
Preloading 0 native plugins for Editor in 0.00 ms.
Unloading 2038 Unused Serialized files (Serialized files now loaded: 0)
System memory in use before: 112.2 MB.
System memory in use after: 112.0 MB.

Unloading 50 unused Assets to reduce memory usage. Loaded Objects now: 2563.
Total: 4.103900 ms (FindLiveObjects: 0.164800 ms CreateObjectMapping: 0.070700 ms MarkObjects: 3.611700 ms  DeleteObjects: 0.255800 ms)

AssetImportParameters requested are different than current active one (requested -> active):
  custom:framework-win-MediaFoundation: 216162199b28c13a410421893ffa2e32 -> 
  custom:video-decoder-ogg-theora: a1e56fd34408186e4bbccfd4996cb3dc -> 
  custom:container-muxer-webm: aa71ff27fc2769a1b78a27578f13a17b -> 
  custom:container-demuxer-webm: 4f35f7cbe854078d1ac9338744f61a02 -> 
  custom:container-demuxer-ogg: 62fdf1f143b41e24485cea50d1cbac27 -> 
  custom:video-encoder-webm-vp8: eb34c28f22e8b96e1ab97ce403110664 -> 
  custom:video-decoder-webm-vp8: 9c59270c3fd7afecdb556c50c9e8de78 -> 
  custom:audio-decoder-ogg-vorbis: bf7c407c2cedff20999df2af8eb42d56 -> 
  custom:audio-encoder-webm-vorbis: bf7c407c2cedff20999df2af8eb42d56 -> 
========================================================================
Received Import Request.
  Time since last request: 40.956979 seconds.
  path: Assets/Scripts/GunShoot.cs
  artifactKey: Guid(d8114fdf7044c20498683f40d3120e2e) Importer(815301076,1909f56bfc062723c751e8b465ee728b)
Start importing Assets/Scripts/GunShoot.cs using Guid(d8114fdf7044c20498683f40d3120e2e) Importer(815301076,1909f56bfc062723c751e8b465ee728b)  -> (artifact id: '12cd35b6a8d36e86c4ef9793077939ec') in 0.003968 seconds 
  Import took 0.006275 seconds .

========================================================================
Received Import Request.
  Time since last request: 1.218784 seconds.
  path: Assets/Scripts/GunShoot.cs
  artifactKey: Guid(d8114fdf7044c20498683f40d3120e2e) Importer(815301076,1909f56bfc062723c751e8b465ee728b)
Start importing Assets/Scripts/GunShoot.cs using Guid(d8114fdf7044c20498683f40d3120e2e) Importer(815301076,1909f56bfc062723c751e8b465ee728b)  -> (artifact id: '12cd35b6a8d36e86c4ef9793077939ec') in 0.001865 seconds 
  Import took 0.004263 seconds .

========================================================================
Received Prepare
Registering precompiled user dll's ...
Registered in 0.003809 seconds.
Begin MonoManager ReloadAssembly
Native extension for WindowsStandalone target not found
Refreshing native plugins compatible for Editor in 0.57 ms, found 2 plugins.
Preloading 0 native plugins for Editor in 0.00 ms.
Mono: successfully reloaded assembly
- Completed reload, in  0.778 seconds
Platform modules already initialized, skipping
Refreshing native plugins compatible for Editor in 0.60 ms, found 2 plugins.
Preloading 0 native plugins for Editor in 0.00 ms.
Unloading 2038 Unused Serialized files (Serialized files now loaded: 0)
System memory in use before: 112.2 MB.
System memory in use after: 112.0 MB.

Unloading 50 unused Assets to reduce memory usage. Loaded Objects now: 2566.
Total: 4.104700 ms (FindLiveObjects: 0.159700 ms CreateObjectMapping: 0.069300 ms MarkObjects: 3.609200 ms  DeleteObjects: 0.265500 ms)

AssetImportParameters requested are different than current active one (requested -> active):
  custom:framework-win-MediaFoundation: 216162199b28c13a410421893ffa2e32 -> 
  custom:video-decoder-ogg-theora: a1e56fd34408186e4bbccfd4996cb3dc -> 
  custom:container-muxer-webm: aa71ff27fc2769a1b78a27578f13a17b -> 
  custom:container-demuxer-webm: 4f35f7cbe854078d1ac9338744f61a02 -> 
  custom:container-demuxer-ogg: 62fdf1f143b41e24485cea50d1cbac27 -> 
  custom:video-encoder-webm-vp8: eb34c28f22e8b96e1ab97ce403110664 -> 
  custom:video-decoder-webm-vp8: 9c59270c3fd7afecdb556c50c9e8de78 -> 
  custom:audio-decoder-ogg-vorbis: bf7c407c2cedff20999df2af8eb42d56 -> 
  custom:audio-encoder-webm-vorbis: bf7c407c2cedff20999df2af8eb42d56 -> 
========================================================================
Received Prepare
Registering precompiled user dll's ...
Registered in 0.003852 seconds.
Begin MonoManager ReloadAssembly
Native extension for WindowsStandalone target not found
Refreshing native plugins compatible for Editor in 0.57 ms, found 2 plugins.
Preloading 0 native plugins for Editor in 0.00 ms.
Mono: successfully reloaded assembly
- Completed reload, in  0.800 seconds
Platform modules already initialized, skipping
Refreshing native plugins compatible for Editor in 0.58 ms, found 2 plugins.
Preloading 0 native plugins for Editor in 0.00 ms.
Unloading 2038 Unused Serialized files (Serialized files now loaded: 0)
System memory in use before: 112.2 MB.
System memory in use after: 112.0 MB.

Unloading 50 unused Assets to reduce memory usage. Loaded Objects now: 2569.
Total: 4.137700 ms (FindLiveObjects: 0.185400 ms CreateObjectMapping: 0.074800 ms MarkObjects: 3.618900 ms  DeleteObjects: 0.257800 ms)

AssetImportParameters requested are different than current active one (requested -> active):
  custom:framework-win-MediaFoundation: 216162199b28c13a410421893ffa2e32 -> 
  custom:video-decoder-ogg-theora: a1e56fd34408186e4bbccfd4996cb3dc -> 
  custom:container-muxer-webm: aa71ff27fc2769a1b78a27578f13a17b -> 
  custom:container-demuxer-webm: 4f35f7cbe854078d1ac9338744f61a02 -> 
  custom:container-demuxer-ogg: 62fdf1f143b41e24485cea50d1cbac27 -> 
  custom:video-encoder-webm-vp8: eb34c28f22e8b96e1ab97ce403110664 -> 
  custom:video-decoder-webm-vp8: 9c59270c3fd7afecdb556c50c9e8de78 -> 
  custom:audio-decoder-ogg-vorbis: bf7c407c2cedff20999df2af8eb42d56 -> 
  custom:audio-encoder-webm-vorbis: bf7c407c2cedff20999df2af8eb42d56 -> 
========================================================================
Received Prepare
Registering precompiled user dll's ...
Registered in 0.003822 seconds.
Begin MonoManager ReloadAssembly
Native extension for WindowsStandalone target not found
Refreshing native plugins compatible for Editor in 0.69 ms, found 2 plugins.
Preloading 0 native plugins for Editor in 0.00 ms.
Mono: successfully reloaded assembly
- Completed reload, in  0.787 seconds
Platform modules already initialized, skipping
Refreshing native plugins compatible for Editor in 0.60 ms, found 2 plugins.
Preloading 0 native plugins for Editor in 0.00 ms.
Unloading 2038 Unused Serialized files (Serialized files now loaded: 0)
System memory in use before: 112.2 MB.
System memory in use after: 112.0 MB.

Unloading 50 unused Assets to reduce memory usage. Loaded Objects now: 2572.
Total: 4.376000 ms (FindLiveObjects: 0.171600 ms CreateObjectMapping: 0.078500 ms MarkObjects: 3.838700 ms  DeleteObjects: 0.286200 ms)

AssetImportParameters requested are different than current active one (requested -> active):
  custom:framework-win-MediaFoundation: 216162199b28c13a410421893ffa2e32 -> 
  custom:video-decoder-ogg-theora: a1e56fd34408186e4bbccfd4996cb3dc -> 
  custom:container-muxer-webm: aa71ff27fc2769a1b78a27578f13a17b -> 
  custom:container-demuxer-webm: 4f35f7cbe854078d1ac9338744f61a02 -> 
  custom:container-demuxer-ogg: 62fdf1f143b41e24485cea50d1cbac27 -> 
  custom:video-encoder-webm-vp8: eb34c28f22e8b96e1ab97ce403110664 -> 
  custom:video-decoder-webm-vp8: 9c59270c3fd7afecdb556c50c9e8de78 -> 
  custom:audio-decoder-ogg-vorbis: bf7c407c2cedff20999df2af8eb42d56 -> 
  custom:audio-encoder-webm-vorbis: bf7c407c2cedff20999df2af8eb42d56 -> 
========================================================================
Received Prepare
Registering precompiled user dll's ...
Registered in 0.003852 seconds.
Begin MonoManager ReloadAssembly
Native extension for WindowsStandalone target not found
Refreshing native plugins compatible for Editor in 0.60 ms, found 2 plugins.
Preloading 0 native plugins for Editor in 0.00 ms.
Mono: successfully reloaded assembly
- Completed reload, in  0.784 seconds
Platform modules already initialized, skipping
Refreshing native plugins compatible for Editor in 0.58 ms, found 2 plugins.
Preloading 0 native plugins for Editor in 0.00 ms.
Unloading 2038 Unused Serialized files (Serialized files now loaded: 0)
System memory in use before: 112.3 MB.
System memory in use after: 112.1 MB.

Unloading 50 unused Assets to reduce memory usage. Loaded Objects now: 2575.
Total: 4.105400 ms (FindLiveObjects: 0.178800 ms CreateObjectMapping: 0.075400 ms MarkObjects: 3.570800 ms  DeleteObjects: 0.279600 ms)

AssetImportParameters requested are different than current active one (requested -> active):
  custom:framework-win-MediaFoundation: 216162199b28c13a410421893ffa2e32 -> 
  custom:video-decoder-ogg-theora: a1e56fd34408186e4bbccfd4996cb3dc -> 
  custom:container-muxer-webm: aa71ff27fc2769a1b78a27578f13a17b -> 
  custom:container-demuxer-webm: 4f35f7cbe854078d1ac9338744f61a02 -> 
  custom:container-demuxer-ogg: 62fdf1f143b41e24485cea50d1cbac27 -> 
  custom:video-encoder-webm-vp8: eb34c28f22e8b96e1ab97ce403110664 -> 
  custom:video-decoder-webm-vp8: 9c59270c3fd7afecdb556c50c9e8de78 -> 
  custom:audio-decoder-ogg-vorbis: bf7c407c2cedff20999df2af8eb42d56 -> 
  custom:audio-encoder-webm-vorbis: bf7c407c2cedff20999df2af8eb42d56 -> 
========================================================================
Received Import Request.
  Time since last request: 625.869050 seconds.
  path: Assets/Scripts/ProjectileGun.cs
  artifactKey: Guid(ae721b47b942f4943be7a9fd56c8a97a) Importer(815301076,1909f56bfc062723c751e8b465ee728b)
Start importing Assets/Scripts/ProjectileGun.cs using Guid(ae721b47b942f4943be7a9fd56c8a97a) Importer(815301076,1909f56bfc062723c751e8b465ee728b)  -> (artifact id: 'ffd2b9633922ab17577be069636a3735') in 0.007138 seconds 
  Import took 0.009757 seconds .

========================================================================
Received Import Request.
  Time since last request: 0.001578 seconds.
  path: Assets/Scripts/ProjectileGun.cs
  artifactKey: Guid(ae721b47b942f4943be7a9fd56c8a97a) Importer(815301076,1909f56bfc062723c751e8b465ee728b)
Start importing Assets/Scripts/ProjectileGun.cs using Guid(ae721b47b942f4943be7a9fd56c8a97a) Importer(815301076,1909f56bfc062723c751e8b465ee728b)  -> (artifact id: 'ffd2b9633922ab17577be069636a3735') in 0.002109 seconds 
  Import took 0.004523 seconds .

========================================================================
Received Prepare
Registering precompiled user dll's ...
Registered in 0.004080 seconds.
Begin MonoManager ReloadAssembly
Native extension for WindowsStandalone target not found
Refreshing native plugins compatible for Editor in 0.68 ms, found 2 plugins.
Preloading 0 native plugins for Editor in 0.00 ms.
Mono: successfully reloaded assembly
- Completed reload, in  0.794 seconds
Platform modules already initialized, skipping
Refreshing native plugins compatible for Editor in 0.58 ms, found 2 plugins.
Preloading 0 native plugins for Editor in 0.00 ms.
Unloading 2038 Unused Serialized files (Serialized files now loaded: 0)
System memory in use before: 112.3 MB.
System memory in use after: 112.1 MB.

Unloading 50 unused Assets to reduce memory usage. Loaded Objects now: 2578.
Total: 4.247300 ms (FindLiveObjects: 0.196300 ms CreateObjectMapping: 0.090400 ms MarkObjects: 3.674900 ms  DeleteObjects: 0.284900 ms)

AssetImportParameters requested are different than current active one (requested -> active):
  custom:framework-win-MediaFoundation: 216162199b28c13a410421893ffa2e32 -> 
  custom:video-decoder-ogg-theora: a1e56fd34408186e4bbccfd4996cb3dc -> 
  custom:container-muxer-webm: aa71ff27fc2769a1b78a27578f13a17b -> 
  custom:container-demuxer-webm: 4f35f7cbe854078d1ac9338744f61a02 -> 
  custom:container-demuxer-ogg: 62fdf1f143b41e24485cea50d1cbac27 -> 
  custom:video-encoder-webm-vp8: eb34c28f22e8b96e1ab97ce403110664 -> 
  custom:video-decoder-webm-vp8: 9c59270c3fd7afecdb556c50c9e8de78 -> 
  custom:audio-decoder-ogg-vorbis: bf7c407c2cedff20999df2af8eb42d56 -> 
  custom:audio-encoder-webm-vorbis: bf7c407c2cedff20999df2af8eb42d56 -> 
========================================================================
Received Import Request.
  Time since last request: 66.361828 seconds.
  path: Assets/Scripts/PistolFire.cs
  artifactKey: Guid(c33e8da7434d7a14dba221ebd229a777) Importer(815301076,1909f56bfc062723c751e8b465ee728b)
Start importing Assets/Scripts/PistolFire.cs using Guid(c33e8da7434d7a14dba221ebd229a777) Importer(815301076,1909f56bfc062723c751e8b465ee728b)  -> (artifact id: '5d634fbe0da8d0963a478cdd4edb97f6') in 0.007197 seconds 
  Import took 0.009885 seconds .

========================================================================
Received Prepare
Registering precompiled user dll's ...
Registered in 0.004131 seconds.
Begin MonoManager ReloadAssembly
Native extension for WindowsStandalone target not found
Refreshing native plugins compatible for Editor in 0.58 ms, found 2 plugins.
Preloading 0 native plugins for Editor in 0.00 ms.
Mono: successfully reloaded assembly
- Completed reload, in  0.773 seconds
Platform modules already initialized, skipping
Refreshing native plugins compatible for Editor in 0.57 ms, found 2 plugins.
Preloading 0 native plugins for Editor in 0.00 ms.
Unloading 2038 Unused Serialized files (Serialized files now loaded: 0)
System memory in use before: 112.3 MB.
System memory in use after: 112.1 MB.

Unloading 50 unused Assets to reduce memory usage. Loaded Objects now: 2581.
Total: 4.097400 ms (FindLiveObjects: 0.152500 ms CreateObjectMapping: 0.062500 ms MarkObjects: 3.611100 ms  DeleteObjects: 0.270600 ms)

AssetImportParameters requested are different than current active one (requested -> active):
  custom:framework-win-MediaFoundation: 216162199b28c13a410421893ffa2e32 -> 
  custom:video-decoder-ogg-theora: a1e56fd34408186e4bbccfd4996cb3dc -> 
  custom:container-muxer-webm: aa71ff27fc2769a1b78a27578f13a17b -> 
  custom:container-demuxer-webm: 4f35f7cbe854078d1ac9338744f61a02 -> 
  custom:container-demuxer-ogg: 62fdf1f143b41e24485cea50d1cbac27 -> 
  custom:video-encoder-webm-vp8: eb34c28f22e8b96e1ab97ce403110664 -> 
  custom:video-decoder-webm-vp8: 9c59270c3fd7afecdb556c50c9e8de78 -> 
  custom:audio-decoder-ogg-vorbis: bf7c407c2cedff20999df2af8eb42d56 -> 
  custom:audio-encoder-webm-vorbis: bf7c407c2cedff20999df2af8eb42d56 -> 
AssetImportWorkerClient::OnTransportError - code=2 error=End of file
