Using pre-set license
Built from '2020.3/release' branch; Version is '2020.3.12f1 (b3b2c6512326) revision 11776710'; Using compiler version '192528614'; Build Type 'Release'
OS: 'Windows 10 Home; OS build 19043.1645; Version 2009; 64bit' Language: 'en' Physical Memory: 16306 MB
BatchMode: 1, IsHumanControllingUs: 0, StartBugReporterOnCrash: 0, Is64bit: 1, IsPro: 0

 COMMAND LINE ARGUMENTS:
C:\Program Files\2020.3.12f1\Editor\Unity.exe
-adb2
-batchMode
-noUpm
-name
AssetImportWorker0
-projectPath
D:/ruyak/Documents/University/Third Year/Final-Year-Project/Ruya Kumru-Holroyd/Ruya Kumru-Holroyd/Development/Code/Prototype 1
-logFile
Logs/AssetImportWorker0.log
-srvPort
50542
Successfully changed project path to: D:/ruyak/Documents/University/Third Year/Final-Year-Project/Ruya Kumru-Holroyd/Ruya Kumru-Holroyd/Development/Code/Prototype 1
D:/ruyak/Documents/University/Third Year/Final-Year-Project/Ruya Kumru-Holroyd/Ruya Kumru-Holroyd/Development/Code/Prototype 1
Using Asset Import Pipeline V2.
Refreshing native plugins compatible for Editor in 39.98 ms, found 2 plugins.
Preloading 0 native plugins for Editor in 0.00 ms.
Initialize engine version: 2020.3.12f1 (b3b2c6512326)
[Subsystems] Discovering subsystems at path C:/Program Files/2020.3.12f1/Editor/Data/Resources/UnitySubsystems
[Subsystems] Discovering subsystems at path D:/ruyak/Documents/University/Third Year/Final-Year-Project/Ruya Kumru-Holroyd/Ruya Kumru-Holroyd/Development/Code/Prototype 1/Assets
GfxDevice: creating device client; threaded=0
Direct3D:
    Version:  Direct3D 11.0 [level 11.1]
    Renderer: NVIDIA GeForce RTX 3070 (ID=0x2484)
    Vendor:   
    VRAM:     8043 MB
    Driver:   30.0.14.7168
Initialize mono
Mono path[0] = 'C:/Program Files/2020.3.12f1/Editor/Data/Managed'
Mono path[1] = 'C:/Program Files/2020.3.12f1/Editor/Data/MonoBleedingEdge/lib/mono/unityjit'
Mono config path = 'C:/Program Files/2020.3.12f1/Editor/Data/MonoBleedingEdge/etc'
Using monoOptions --debugger-agent=transport=dt_socket,embedding=1,server=y,suspend=n,address=127.0.0.1:56724
Begin MonoManager ReloadAssembly
Registering precompiled unity dll's ...
Register platform support module: C:/Program Files/2020.3.12f1/Editor/Data/PlaybackEngines/WindowsStandaloneSupport/UnityEditor.WindowsStandalone.Extensions.dll
Registered in 0.001645 seconds.
Native extension for WindowsStandalone target not found
Refreshing native plugins compatible for Editor in 31.69 ms, found 2 plugins.
Preloading 0 native plugins for Editor in 0.00 ms.
Mono: successfully reloaded assembly
- Completed reload, in  0.806 seconds
Platform modules already initialized, skipping
Registering precompiled user dll's ...
Registered in 0.004073 seconds.
Begin MonoManager ReloadAssembly
OnLevelWasLoaded was found on GameSettings
This message has been deprecated and will be removed in a later version of Unity.
Add a delegate to SceneManager.sceneLoaded instead to get notifications after scene loading has completed

Native extension for WindowsStandalone target not found
Refreshing native plugins compatible for Editor in 0.49 ms, found 2 plugins.
Preloading 0 native plugins for Editor in 0.00 ms.
Mono: successfully reloaded assembly
- Completed reload, in  0.842 seconds
Platform modules already initialized, skipping
========================================================================
Worker process is ready to serve import requests
Launched and connected shader compiler UnityShaderCompiler.exe after 0.03 seconds
Refreshing native plugins compatible for Editor in 0.47 ms, found 2 plugins.
Preloading 0 native plugins for Editor in 0.00 ms.
Unloading 1944 Unused Serialized files (Serialized files now loaded: 0)
System memory in use before: 81.2 MB.
System memory in use after: 81.3 MB.

Unloading 58 unused Assets to reduce memory usage. Loaded Objects now: 2349.
Total: 4.019000 ms (FindLiveObjects: 0.181200 ms CreateObjectMapping: 0.081000 ms MarkObjects: 3.698900 ms  DeleteObjects: 0.057200 ms)

AssetImportParameters requested are different than current active one (requested -> active):
  custom:framework-win-MediaFoundation: 216162199b28c13a410421893ffa2e32 -> 
  custom:video-decoder-ogg-theora: a1e56fd34408186e4bbccfd4996cb3dc -> 
  custom:container-muxer-webm: aa71ff27fc2769a1b78a27578f13a17b -> 
  custom:container-demuxer-webm: 4f35f7cbe854078d1ac9338744f61a02 -> 
  custom:container-demuxer-ogg: 62fdf1f143b41e24485cea50d1cbac27 -> 
  custom:video-encoder-webm-vp8: eb34c28f22e8b96e1ab97ce403110664 -> 
  custom:video-decoder-webm-vp8: 9c59270c3fd7afecdb556c50c9e8de78 -> 
  custom:audio-decoder-ogg-vorbis: bf7c407c2cedff20999df2af8eb42d56 -> 
  custom:audio-encoder-webm-vorbis: bf7c407c2cedff20999df2af8eb42d56 -> 
========================================================================
Received Import Request.
  path: Assets/Scripts/MenuScript.cs
  artifactKey: Guid(0133364c11062e148aed93af892cfb06) Importer(815301076,1909f56bfc062723c751e8b465ee728b)
Start importing Assets/Scripts/MenuScript.cs using Guid(0133364c11062e148aed93af892cfb06) Importer(815301076,1909f56bfc062723c751e8b465ee728b)  -> (artifact id: 'cf512d74512c0f7d204449ffb947c107') in 0.019709 seconds 
  Import took 0.021922 seconds .

========================================================================
Received Prepare
Registering precompiled user dll's ...
Registered in 0.004195 seconds.
OnLevelWasLoaded was found on GameSettings
This message has been deprecated and will be removed in a later version of Unity.
Add a delegate to SceneManager.sceneLoaded instead to get notifications after scene loading has completed

Begin MonoManager ReloadAssembly
OnLevelWasLoaded was found on GameSettings
This message has been deprecated and will be removed in a later version of Unity.
Add a delegate to SceneManager.sceneLoaded instead to get notifications after scene loading has completed

Native extension for WindowsStandalone target not found
Refreshing native plugins compatible for Editor in 0.52 ms, found 2 plugins.
Preloading 0 native plugins for Editor in 0.00 ms.
Mono: successfully reloaded assembly
- Completed reload, in  0.824 seconds
Platform modules already initialized, skipping
Refreshing native plugins compatible for Editor in 0.50 ms, found 2 plugins.
Preloading 0 native plugins for Editor in 0.00 ms.
Unloading 1939 Unused Serialized files (Serialized files now loaded: 0)
System memory in use before: 81.2 MB.
System memory in use after: 81.3 MB.

Unloading 49 unused Assets to reduce memory usage. Loaded Objects now: 2352.
Total: 3.922700 ms (FindLiveObjects: 0.150500 ms CreateObjectMapping: 0.068200 ms MarkObjects: 3.684100 ms  DeleteObjects: 0.018900 ms)

AssetImportParameters requested are different than current active one (requested -> active):
  custom:framework-win-MediaFoundation: 216162199b28c13a410421893ffa2e32 -> 
  custom:video-decoder-ogg-theora: a1e56fd34408186e4bbccfd4996cb3dc -> 
  custom:container-muxer-webm: aa71ff27fc2769a1b78a27578f13a17b -> 
  custom:container-demuxer-webm: 4f35f7cbe854078d1ac9338744f61a02 -> 
  custom:container-demuxer-ogg: 62fdf1f143b41e24485cea50d1cbac27 -> 
  custom:video-encoder-webm-vp8: eb34c28f22e8b96e1ab97ce403110664 -> 
  custom:video-decoder-webm-vp8: 9c59270c3fd7afecdb556c50c9e8de78 -> 
  custom:audio-decoder-ogg-vorbis: bf7c407c2cedff20999df2af8eb42d56 -> 
  custom:audio-encoder-webm-vorbis: bf7c407c2cedff20999df2af8eb42d56 -> 
========================================================================
Received Import Request.
  Time since last request: 58.552101 seconds.
  path: Assets/Scripts/MenuScript.cs
  artifactKey: Guid(0133364c11062e148aed93af892cfb06) Importer(815301076,1909f56bfc062723c751e8b465ee728b)
Start importing Assets/Scripts/MenuScript.cs using Guid(0133364c11062e148aed93af892cfb06) Importer(815301076,1909f56bfc062723c751e8b465ee728b)  -> (artifact id: 'a76823d3463ae484d9add32f9abda854') in 0.003784 seconds 
  Import took 0.015260 seconds .

========================================================================
Received Prepare
Registering precompiled user dll's ...
Registered in 0.003822 seconds.
OnLevelWasLoaded was found on GameSettings
This message has been deprecated and will be removed in a later version of Unity.
Add a delegate to SceneManager.sceneLoaded instead to get notifications after scene loading has completed

Begin MonoManager ReloadAssembly
OnLevelWasLoaded was found on GameSettings
This message has been deprecated and will be removed in a later version of Unity.
Add a delegate to SceneManager.sceneLoaded instead to get notifications after scene loading has completed

Native extension for WindowsStandalone target not found
Refreshing native plugins compatible for Editor in 0.51 ms, found 2 plugins.
Preloading 0 native plugins for Editor in 0.00 ms.
Mono: successfully reloaded assembly
- Completed reload, in  0.802 seconds
Platform modules already initialized, skipping
Refreshing native plugins compatible for Editor in 0.52 ms, found 2 plugins.
Preloading 0 native plugins for Editor in 0.00 ms.
Unloading 1939 Unused Serialized files (Serialized files now loaded: 0)
System memory in use before: 81.3 MB.
System memory in use after: 81.4 MB.

Unloading 49 unused Assets to reduce memory usage. Loaded Objects now: 2355.
Total: 4.011800 ms (FindLiveObjects: 0.154000 ms CreateObjectMapping: 0.065200 ms MarkObjects: 3.766300 ms  DeleteObjects: 0.025600 ms)

AssetImportParameters requested are different than current active one (requested -> active):
  custom:framework-win-MediaFoundation: 216162199b28c13a410421893ffa2e32 -> 
  custom:video-decoder-ogg-theora: a1e56fd34408186e4bbccfd4996cb3dc -> 
  custom:container-muxer-webm: aa71ff27fc2769a1b78a27578f13a17b -> 
  custom:container-demuxer-webm: 4f35f7cbe854078d1ac9338744f61a02 -> 
  custom:container-demuxer-ogg: 62fdf1f143b41e24485cea50d1cbac27 -> 
  custom:video-encoder-webm-vp8: eb34c28f22e8b96e1ab97ce403110664 -> 
  custom:video-decoder-webm-vp8: 9c59270c3fd7afecdb556c50c9e8de78 -> 
  custom:audio-decoder-ogg-vorbis: bf7c407c2cedff20999df2af8eb42d56 -> 
  custom:audio-encoder-webm-vorbis: bf7c407c2cedff20999df2af8eb42d56 -> 
========================================================================
Received Prepare
Registering precompiled user dll's ...
Registered in 0.003864 seconds.
OnLevelWasLoaded was found on GameSettings
This message has been deprecated and will be removed in a later version of Unity.
Add a delegate to SceneManager.sceneLoaded instead to get notifications after scene loading has completed

Begin MonoManager ReloadAssembly
OnLevelWasLoaded was found on GameSettings
This message has been deprecated and will be removed in a later version of Unity.
Add a delegate to SceneManager.sceneLoaded instead to get notifications after scene loading has completed

Native extension for WindowsStandalone target not found
Refreshing native plugins compatible for Editor in 0.51 ms, found 2 plugins.
Preloading 0 native plugins for Editor in 0.00 ms.
Mono: successfully reloaded assembly
- Completed reload, in  0.807 seconds
Platform modules already initialized, skipping
Refreshing native plugins compatible for Editor in 0.52 ms, found 2 plugins.
Preloading 0 native plugins for Editor in 0.00 ms.
Unloading 1939 Unused Serialized files (Serialized files now loaded: 0)
System memory in use before: 81.3 MB.
System memory in use after: 81.4 MB.

Unloading 49 unused Assets to reduce memory usage. Loaded Objects now: 2358.
Total: 3.838500 ms (FindLiveObjects: 0.141200 ms CreateObjectMapping: 0.061500 ms MarkObjects: 3.616200 ms  DeleteObjects: 0.018900 ms)

AssetImportParameters requested are different than current active one (requested -> active):
  custom:framework-win-MediaFoundation: 216162199b28c13a410421893ffa2e32 -> 
  custom:video-decoder-ogg-theora: a1e56fd34408186e4bbccfd4996cb3dc -> 
  custom:container-muxer-webm: aa71ff27fc2769a1b78a27578f13a17b -> 
  custom:container-demuxer-webm: 4f35f7cbe854078d1ac9338744f61a02 -> 
  custom:container-demuxer-ogg: 62fdf1f143b41e24485cea50d1cbac27 -> 
  custom:video-encoder-webm-vp8: eb34c28f22e8b96e1ab97ce403110664 -> 
  custom:video-decoder-webm-vp8: 9c59270c3fd7afecdb556c50c9e8de78 -> 
  custom:audio-decoder-ogg-vorbis: bf7c407c2cedff20999df2af8eb42d56 -> 
  custom:audio-encoder-webm-vorbis: bf7c407c2cedff20999df2af8eb42d56 -> 
========================================================================
Received Prepare
Registering precompiled user dll's ...
Registered in 0.003797 seconds.
OnLevelWasLoaded was found on GameSettings
This message has been deprecated and will be removed in a later version of Unity.
Add a delegate to SceneManager.sceneLoaded instead to get notifications after scene loading has completed

Begin MonoManager ReloadAssembly
OnLevelWasLoaded was found on GameSettings
This message has been deprecated and will be removed in a later version of Unity.
Add a delegate to SceneManager.sceneLoaded instead to get notifications after scene loading has completed

Native extension for WindowsStandalone target not found
Refreshing native plugins compatible for Editor in 0.50 ms, found 2 plugins.
Preloading 0 native plugins for Editor in 0.00 ms.
Mono: successfully reloaded assembly
- Completed reload, in  0.799 seconds
Platform modules already initialized, skipping
Refreshing native plugins compatible for Editor in 0.51 ms, found 2 plugins.
Preloading 0 native plugins for Editor in 0.00 ms.
Unloading 1939 Unused Serialized files (Serialized files now loaded: 0)
System memory in use before: 81.3 MB.
System memory in use after: 81.4 MB.

Unloading 49 unused Assets to reduce memory usage. Loaded Objects now: 2361.
Total: 3.819100 ms (FindLiveObjects: 0.142100 ms CreateObjectMapping: 0.057600 ms MarkObjects: 3.599600 ms  DeleteObjects: 0.018800 ms)

AssetImportParameters requested are different than current active one (requested -> active):
  custom:framework-win-MediaFoundation: 216162199b28c13a410421893ffa2e32 -> 
  custom:video-decoder-ogg-theora: a1e56fd34408186e4bbccfd4996cb3dc -> 
  custom:container-muxer-webm: aa71ff27fc2769a1b78a27578f13a17b -> 
  custom:container-demuxer-webm: 4f35f7cbe854078d1ac9338744f61a02 -> 
  custom:container-demuxer-ogg: 62fdf1f143b41e24485cea50d1cbac27 -> 
  custom:video-encoder-webm-vp8: eb34c28f22e8b96e1ab97ce403110664 -> 
  custom:video-decoder-webm-vp8: 9c59270c3fd7afecdb556c50c9e8de78 -> 
  custom:audio-decoder-ogg-vorbis: bf7c407c2cedff20999df2af8eb42d56 -> 
  custom:audio-encoder-webm-vorbis: bf7c407c2cedff20999df2af8eb42d56 -> 
========================================================================
Received Import Request.
  Time since last request: 152.639117 seconds.
  path: Assets/Scenes/GameSettings.unity
  artifactKey: Guid(134c9d0ec6d125f439446a98d39869eb) Importer(815301076,1909f56bfc062723c751e8b465ee728b)
Start importing Assets/Scenes/GameSettings.unity using Guid(134c9d0ec6d125f439446a98d39869eb) Importer(815301076,1909f56bfc062723c751e8b465ee728b)  -> (artifact id: '80e6b3470e6f5c139300ab6d482ce8e7') in 0.013177 seconds 
  Import took 0.015426 seconds .

========================================================================
Received Prepare
Registering precompiled user dll's ...
Registered in 0.003986 seconds.
OnLevelWasLoaded was found on GameSettings
This message has been deprecated and will be removed in a later version of Unity.
Add a delegate to SceneManager.sceneLoaded instead to get notifications after scene loading has completed

Begin MonoManager ReloadAssembly
OnLevelWasLoaded was found on GameSettings
This message has been deprecated and will be removed in a later version of Unity.
Add a delegate to SceneManager.sceneLoaded instead to get notifications after scene loading has completed

Native extension for WindowsStandalone target not found
Refreshing native plugins compatible for Editor in 0.50 ms, found 2 plugins.
Preloading 0 native plugins for Editor in 0.00 ms.
Mono: successfully reloaded assembly
- Completed reload, in  0.796 seconds
Platform modules already initialized, skipping
Refreshing native plugins compatible for Editor in 0.51 ms, found 2 plugins.
Preloading 0 native plugins for Editor in 0.00 ms.
Unloading 1939 Unused Serialized files (Serialized files now loaded: 0)
System memory in use before: 81.3 MB.
System memory in use after: 81.4 MB.

Unloading 49 unused Assets to reduce memory usage. Loaded Objects now: 2364.
Total: 4.006500 ms (FindLiveObjects: 0.161500 ms CreateObjectMapping: 0.067700 ms MarkObjects: 3.756500 ms  DeleteObjects: 0.020000 ms)

AssetImportParameters requested are different than current active one (requested -> active):
  custom:framework-win-MediaFoundation: 216162199b28c13a410421893ffa2e32 -> 
  custom:video-decoder-ogg-theora: a1e56fd34408186e4bbccfd4996cb3dc -> 
  custom:container-muxer-webm: aa71ff27fc2769a1b78a27578f13a17b -> 
  custom:container-demuxer-webm: 4f35f7cbe854078d1ac9338744f61a02 -> 
  custom:container-demuxer-ogg: 62fdf1f143b41e24485cea50d1cbac27 -> 
  custom:video-encoder-webm-vp8: eb34c28f22e8b96e1ab97ce403110664 -> 
  custom:video-decoder-webm-vp8: 9c59270c3fd7afecdb556c50c9e8de78 -> 
  custom:audio-decoder-ogg-vorbis: bf7c407c2cedff20999df2af8eb42d56 -> 
  custom:audio-encoder-webm-vorbis: bf7c407c2cedff20999df2af8eb42d56 -> 
========================================================================
Received Prepare
Registering precompiled user dll's ...
Registered in 0.004445 seconds.
OnLevelWasLoaded was found on GameSettings
This message has been deprecated and will be removed in a later version of Unity.
Add a delegate to SceneManager.sceneLoaded instead to get notifications after scene loading has completed

Begin MonoManager ReloadAssembly
OnLevelWasLoaded was found on GameSettings
This message has been deprecated and will be removed in a later version of Unity.
Add a delegate to SceneManager.sceneLoaded instead to get notifications after scene loading has completed

Native extension for WindowsStandalone target not found
Refreshing native plugins compatible for Editor in 0.55 ms, found 2 plugins.
Preloading 0 native plugins for Editor in 0.00 ms.
Mono: successfully reloaded assembly
- Completed reload, in  0.788 seconds
Platform modules already initialized, skipping
Refreshing native plugins compatible for Editor in 0.50 ms, found 2 plugins.
Preloading 0 native plugins for Editor in 0.00 ms.
Unloading 1939 Unused Serialized files (Serialized files now loaded: 0)
System memory in use before: 81.3 MB.
System memory in use after: 81.4 MB.

Unloading 49 unused Assets to reduce memory usage. Loaded Objects now: 2367.
Total: 4.009300 ms (FindLiveObjects: 0.156300 ms CreateObjectMapping: 0.064000 ms MarkObjects: 3.765000 ms  DeleteObjects: 0.023300 ms)

AssetImportParameters requested are different than current active one (requested -> active):
  custom:framework-win-MediaFoundation: 216162199b28c13a410421893ffa2e32 -> 
  custom:video-decoder-ogg-theora: a1e56fd34408186e4bbccfd4996cb3dc -> 
  custom:container-muxer-webm: aa71ff27fc2769a1b78a27578f13a17b -> 
  custom:container-demuxer-webm: 4f35f7cbe854078d1ac9338744f61a02 -> 
  custom:container-demuxer-ogg: 62fdf1f143b41e24485cea50d1cbac27 -> 
  custom:video-encoder-webm-vp8: eb34c28f22e8b96e1ab97ce403110664 -> 
  custom:video-decoder-webm-vp8: 9c59270c3fd7afecdb556c50c9e8de78 -> 
  custom:audio-decoder-ogg-vorbis: bf7c407c2cedff20999df2af8eb42d56 -> 
  custom:audio-encoder-webm-vorbis: bf7c407c2cedff20999df2af8eb42d56 -> 
========================================================================
Received Import Request.
  Time since last request: 109.148046 seconds.
  path: Assets/Art/Player.png
  artifactKey: Guid(d3a115fa58e177047836e1d388f027c8) Importer(815301076,1909f56bfc062723c751e8b465ee728b)
Start importing Assets/Art/Player.png using Guid(d3a115fa58e177047836e1d388f027c8) Importer(815301076,1909f56bfc062723c751e8b465ee728b)  -> (artifact id: 'ec04fc2c54910159a58039a33ae81a83') in 0.125872 seconds 
  Import took 0.128137 seconds .

========================================================================
Received Import Request.
  Time since last request: 0.000117 seconds.
  path: Assets/Art/basketball court_menu.png
  artifactKey: Guid(0433d6f91dfd2f444b3c4e62598be972) Importer(815301076,1909f56bfc062723c751e8b465ee728b)
Start importing Assets/Art/basketball court_menu.png using Guid(0433d6f91dfd2f444b3c4e62598be972) Importer(815301076,1909f56bfc062723c751e8b465ee728b)  -> (artifact id: '2fe45622969624db23f14d2cec8360c3') in 0.033995 seconds 
  Import took 0.036764 seconds .

========================================================================
Received Import Request.
  Time since last request: 0.000211 seconds.
  path: Assets/Art/basketball with hoop 2 move.png
  artifactKey: Guid(33f21b5d3ed02514c98998929ae8f33e) Importer(815301076,1909f56bfc062723c751e8b465ee728b)
Start importing Assets/Art/basketball with hoop 2 move.png using Guid(33f21b5d3ed02514c98998929ae8f33e) Importer(815301076,1909f56bfc062723c751e8b465ee728b)  -> (artifact id: '4d9858b609cdd79d17420b60c0fa2c1f') in 0.111681 seconds 
  Import took 0.113967 seconds .

========================================================================
Received Import Request.
  Time since last request: 0.000134 seconds.
  path: Assets/Art/364-3645196_28-collection-of-bouncing-basketball-clipart-bouncing-ball-sprite-sheet.png
  artifactKey: Guid(ab729aaeb030aa54d975dbd984d11129) Importer(815301076,1909f56bfc062723c751e8b465ee728b)
Start importing Assets/Art/364-3645196_28-collection-of-bouncing-basketball-clipart-bouncing-ball-sprite-sheet.png using Guid(ab729aaeb030aa54d975dbd984d11129) Importer(815301076,1909f56bfc062723c751e8b465ee728b)  -> (artifact id: '1616c9fa9a9b4ee2f16449af3cf87c8f') in 0.048638 seconds 
  Import took 0.050990 seconds .

========================================================================
Received Import Request.
  Time since last request: 0.000172 seconds.
  path: Assets/Art/New Piskel.png
  artifactKey: Guid(88856b141487a224d88f092f6f3c11a4) Importer(815301076,1909f56bfc062723c751e8b465ee728b)
Start importing Assets/Art/New Piskel.png using Guid(88856b141487a224d88f092f6f3c11a4) Importer(815301076,1909f56bfc062723c751e8b465ee728b)  -> (artifact id: '80d77f1db0cd96d11c137c28a422fe69') in 0.028112 seconds 
  Import took 0.031021 seconds .

========================================================================
Received Import Request.
  Time since last request: 0.000117 seconds.
  path: Assets/Art/basketball with hoop 2 (1).png
  artifactKey: Guid(4d17bb817d934204d9077e8f0deeb0ef) Importer(815301076,1909f56bfc062723c751e8b465ee728b)
Start importing Assets/Art/basketball with hoop 2 (1).png using Guid(4d17bb817d934204d9077e8f0deeb0ef) Importer(815301076,1909f56bfc062723c751e8b465ee728b)  -> (artifact id: 'edc0028538f7c5585a3ab158b56dad9e') in 0.021319 seconds 
  Import took 0.023952 seconds .

========================================================================
Received Import Request.
  Time since last request: 0.000115 seconds.
  path: Assets/Art/New Player (3).png
  artifactKey: Guid(e668ebe6690c95b478bc2b68d87e6edb) Importer(815301076,1909f56bfc062723c751e8b465ee728b)
Start importing Assets/Art/New Player (3).png using Guid(e668ebe6690c95b478bc2b68d87e6edb) Importer(815301076,1909f56bfc062723c751e8b465ee728b)  -> (artifact id: '500b9a4d311a1a8d32b48eff50ddd879') in 0.013054 seconds 
  Import took 0.020388 seconds .

========================================================================
Received Import Request.
  Time since last request: 0.000106 seconds.
  path: Assets/Art/Picture3.png
  artifactKey: Guid(92cdfa8ec4e3cb049b0af6e499c408fc) Importer(815301076,1909f56bfc062723c751e8b465ee728b)
Start importing Assets/Art/Picture3.png using Guid(92cdfa8ec4e3cb049b0af6e499c408fc) Importer(815301076,1909f56bfc062723c751e8b465ee728b)  -> (artifact id: 'e2d63b04e576229eb86f6b64de34f263') in 0.028410 seconds 
  Import took 0.030607 seconds .

========================================================================
Received Import Request.
  Time since last request: 0.000123 seconds.
  path: Assets/Art/basketball stand.png
  artifactKey: Guid(9cade03a86b15084f839f8bd0d874554) Importer(815301076,1909f56bfc062723c751e8b465ee728b)
Start importing Assets/Art/basketball stand.png using Guid(9cade03a86b15084f839f8bd0d874554) Importer(815301076,1909f56bfc062723c751e8b465ee728b)  -> (artifact id: '7f27cb43c5e34323b2a0220a43532d9d') in 0.013628 seconds 
  Import took 0.016670 seconds .

========================================================================
Received Import Request.
  Time since last request: 0.000148 seconds.
  path: Assets/Art/New Player spritesheet.png
  artifactKey: Guid(24f3881b8a9cb244ea5d83c2a4279642) Importer(815301076,1909f56bfc062723c751e8b465ee728b)
Start importing Assets/Art/New Player spritesheet.png using Guid(24f3881b8a9cb244ea5d83c2a4279642) Importer(815301076,1909f56bfc062723c751e8b465ee728b)  -> (artifact id: 'cb41af3b50a51a791b87b8e073f688f3') in 0.019715 seconds 
  Import took 0.032375 seconds .

========================================================================
Received Import Request.
  Time since last request: 0.000110 seconds.
  path: Assets/Art/basketball court.png
  artifactKey: Guid(c99444f49c522704dbf3cf589f8b9bc5) Importer(815301076,1909f56bfc062723c751e8b465ee728b)
Start importing Assets/Art/basketball court.png using Guid(c99444f49c522704dbf3cf589f8b9bc5) Importer(815301076,1909f56bfc062723c751e8b465ee728b)  -> (artifact id: '518ee4c412a07685e553435cdffe6657') in 0.017485 seconds 
  Import took 0.019786 seconds .

========================================================================
Received Import Request.
  Time since last request: 0.000118 seconds.
  path: Assets/Art/basketball court new.png
  artifactKey: Guid(7d23a3428eea2e241b32b621dd988a20) Importer(815301076,1909f56bfc062723c751e8b465ee728b)
Start importing Assets/Art/basketball court new.png using Guid(7d23a3428eea2e241b32b621dd988a20) Importer(815301076,1909f56bfc062723c751e8b465ee728b)  -> (artifact id: '4a10678232637c98b4c9ab1c9cd8a41f') in 0.046559 seconds 
  Import took 0.048798 seconds .

========================================================================
Received Import Request.
  Time since last request: 0.000123 seconds.
  path: Assets/Art/Ball.png
  artifactKey: Guid(f8bbb57d7754a7c439d64e6c4066ba8b) Importer(815301076,1909f56bfc062723c751e8b465ee728b)
Start importing Assets/Art/Ball.png using Guid(f8bbb57d7754a7c439d64e6c4066ba8b) Importer(815301076,1909f56bfc062723c751e8b465ee728b)  -> (artifact id: 'fbc634f589f836014cc08e5579a40535') in 0.013488 seconds 
  Import took 0.015776 seconds .

========================================================================
Received Import Request.
  Time since last request: 0.000120 seconds.
  path: Assets/Art/basketball court (4).png
  artifactKey: Guid(6c15b89b0faf94e4aaef91c62dc68fb1) Importer(815301076,1909f56bfc062723c751e8b465ee728b)
Start importing Assets/Art/basketball court (4).png using Guid(6c15b89b0faf94e4aaef91c62dc68fb1) Importer(815301076,1909f56bfc062723c751e8b465ee728b)  -> (artifact id: '5df6dd4ff9c4e295b1a33af9ba4966cd') in 0.039859 seconds 
  Import took 0.042210 seconds .

========================================================================
Received Import Request.
  Time since last request: 0.000167 seconds.
  path: Assets/Art/basketball hoop (1).png
  artifactKey: Guid(a1fad3dd4a79219409b16d4a342faef5) Importer(815301076,1909f56bfc062723c751e8b465ee728b)
Start importing Assets/Art/basketball hoop (1).png using Guid(a1fad3dd4a79219409b16d4a342faef5) Importer(815301076,1909f56bfc062723c751e8b465ee728b)  -> (artifact id: 'b98c4b05f554a6d8ed102f0cc6c250e7') in 0.022015 seconds 
  Import took 0.024296 seconds .

========================================================================
Received Import Request.
  Time since last request: 0.000112 seconds.
  path: Assets/Art/New Piskel (1).png
  artifactKey: Guid(141e33807389ce44ea562272cc174297) Importer(815301076,1909f56bfc062723c751e8b465ee728b)
Start importing Assets/Art/New Piskel (1).png using Guid(141e33807389ce44ea562272cc174297) Importer(815301076,1909f56bfc062723c751e8b465ee728b)  -> (artifact id: 'bb5c27af31a42a2202269b2db4fb38f2') in 0.020096 seconds 
  Import took 0.022762 seconds .

========================================================================
Received Import Request.
  Time since last request: 0.000118 seconds.
  path: Assets/Art/basketball hoop.png
  artifactKey: Guid(0332f2ed4e4ea704ebf387b49c5259c1) Importer(815301076,1909f56bfc062723c751e8b465ee728b)
Start importing Assets/Art/basketball hoop.png using Guid(0332f2ed4e4ea704ebf387b49c5259c1) Importer(815301076,1909f56bfc062723c751e8b465ee728b)  -> (artifact id: 'b4d59c36ae4ab5f6efecb1572b37e584') in 0.012514 seconds 
  Import took 0.014736 seconds .

========================================================================
Received Import Request.
  Time since last request: 0.000118 seconds.
  path: Assets/Art/basketball with hoop 2.png
  artifactKey: Guid(7c5ca706f55fb6e4bba9da20af02f7d9) Importer(815301076,1909f56bfc062723c751e8b465ee728b)
Start importing Assets/Art/basketball with hoop 2.png using Guid(7c5ca706f55fb6e4bba9da20af02f7d9) Importer(815301076,1909f56bfc062723c751e8b465ee728b)  -> (artifact id: 'b634e8f05a10030af67fdef0213ba80f') in 0.012011 seconds 
  Import took 0.014226 seconds .

========================================================================
Received Import Request.
  Time since last request: 0.000119 seconds.
  path: Assets/Art/New Piskel (2).png
  artifactKey: Guid(573ceaa775454d544a913e1fa746e7a9) Importer(815301076,1909f56bfc062723c751e8b465ee728b)
Start importing Assets/Art/New Piskel (2).png using Guid(573ceaa775454d544a913e1fa746e7a9) Importer(815301076,1909f56bfc062723c751e8b465ee728b)  -> (artifact id: '7ed1337373f38658d951f24dfce60311') in 0.027450 seconds 
  Import took 0.048084 seconds .

========================================================================
Received Import Request.
  Time since last request: 188.474333 seconds.
  path: Assets/Scripts/SaveManager.cs
  artifactKey: Guid(14ce21bd5bd6dd34f82d6c17a568a29c) Importer(815301076,1909f56bfc062723c751e8b465ee728b)
Start importing Assets/Scripts/SaveManager.cs using Guid(14ce21bd5bd6dd34f82d6c17a568a29c) Importer(815301076,1909f56bfc062723c751e8b465ee728b)  -> (artifact id: '0e1825c7263fca0c5ec77a882d2e950b') in 0.001613 seconds 
  Import took 0.004358 seconds .

========================================================================
Received Import Request.
  Time since last request: 0.001777 seconds.
  path: Assets/Scripts/SaveManager.cs
  artifactKey: Guid(14ce21bd5bd6dd34f82d6c17a568a29c) Importer(815301076,1909f56bfc062723c751e8b465ee728b)
Start importing Assets/Scripts/SaveManager.cs using Guid(14ce21bd5bd6dd34f82d6c17a568a29c) Importer(815301076,1909f56bfc062723c751e8b465ee728b)  -> (artifact id: '0e1825c7263fca0c5ec77a882d2e950b') in 0.001496 seconds 
  Import took 0.003667 seconds .

========================================================================
Received Import Request.
  Time since last request: 70.917204 seconds.
  path: Assets/Scripts/SaveManager.cs
  artifactKey: Guid(14ce21bd5bd6dd34f82d6c17a568a29c) Importer(815301076,1909f56bfc062723c751e8b465ee728b)
Start importing Assets/Scripts/SaveManager.cs using Guid(14ce21bd5bd6dd34f82d6c17a568a29c) Importer(815301076,1909f56bfc062723c751e8b465ee728b)  -> (artifact id: 'dc79b458596372eef5cf9c76b3ae8713') in 0.001568 seconds 
  Import took 0.003879 seconds .

========================================================================
Received Prepare
Registering precompiled user dll's ...
Registered in 0.004130 seconds.
OnLevelWasLoaded was found on GameSettings
This message has been deprecated and will be removed in a later version of Unity.
Add a delegate to SceneManager.sceneLoaded instead to get notifications after scene loading has completed

Begin MonoManager ReloadAssembly
OnLevelWasLoaded was found on GameSettings
This message has been deprecated and will be removed in a later version of Unity.
Add a delegate to SceneManager.sceneLoaded instead to get notifications after scene loading has completed

Native extension for WindowsStandalone target not found
Refreshing native plugins compatible for Editor in 0.50 ms, found 2 plugins.
Preloading 0 native plugins for Editor in 0.00 ms.
Mono: successfully reloaded assembly
- Completed reload, in  0.793 seconds
Platform modules already initialized, skipping
Refreshing native plugins compatible for Editor in 0.49 ms, found 2 plugins.
Preloading 0 native plugins for Editor in 0.00 ms.
Unloading 1939 Unused Serialized files (Serialized files now loaded: 0)
System memory in use before: 84.4 MB.
System memory in use after: 84.5 MB.

Unloading 49 unused Assets to reduce memory usage. Loaded Objects now: 2386.
Total: 3.797300 ms (FindLiveObjects: 0.150500 ms CreateObjectMapping: 0.060900 ms MarkObjects: 3.565600 ms  DeleteObjects: 0.019800 ms)

AssetImportParameters requested are different than current active one (requested -> active):
  custom:framework-win-MediaFoundation: 216162199b28c13a410421893ffa2e32 -> 
  custom:video-decoder-ogg-theora: a1e56fd34408186e4bbccfd4996cb3dc -> 
  custom:container-muxer-webm: aa71ff27fc2769a1b78a27578f13a17b -> 
  custom:container-demuxer-webm: 4f35f7cbe854078d1ac9338744f61a02 -> 
  custom:container-demuxer-ogg: 62fdf1f143b41e24485cea50d1cbac27 -> 
  custom:video-encoder-webm-vp8: eb34c28f22e8b96e1ab97ce403110664 -> 
  custom:video-decoder-webm-vp8: 9c59270c3fd7afecdb556c50c9e8de78 -> 
  custom:audio-decoder-ogg-vorbis: bf7c407c2cedff20999df2af8eb42d56 -> 
  custom:audio-encoder-webm-vorbis: bf7c407c2cedff20999df2af8eb42d56 -> 
========================================================================
Received Import Request.
  Time since last request: 18.567775 seconds.
  path: Assets/Scripts/SaveManager.cs
  artifactKey: Guid(14ce21bd5bd6dd34f82d6c17a568a29c) Importer(815301076,1909f56bfc062723c751e8b465ee728b)
Start importing Assets/Scripts/SaveManager.cs using Guid(14ce21bd5bd6dd34f82d6c17a568a29c) Importer(815301076,1909f56bfc062723c751e8b465ee728b)  -> (artifact id: 'd9291be6edacef865223446fd5b8c308') in 0.003667 seconds 
  Import took 0.015848 seconds .

========================================================================
Received Import Request.
  Time since last request: 70.375268 seconds.
  path: Assets/Scenes/Game.unity
  artifactKey: Guid(2cda990e2423bbf4892e6590ba056729) Importer(815301076,1909f56bfc062723c751e8b465ee728b)
Start importing Assets/Scenes/Game.unity using Guid(2cda990e2423bbf4892e6590ba056729) Importer(815301076,1909f56bfc062723c751e8b465ee728b)  -> (artifact id: '60452c4eefcb114ba3a87e13a783c195') in 0.088007 seconds 
  Import took 0.090727 seconds .

========================================================================
Received Prepare
Registering precompiled user dll's ...
Registered in 0.004008 seconds.
OnLevelWasLoaded was found on GameSettings
This message has been deprecated and will be removed in a later version of Unity.
Add a delegate to SceneManager.sceneLoaded instead to get notifications after scene loading has completed

Begin MonoManager ReloadAssembly
OnLevelWasLoaded was found on GameSettings
This message has been deprecated and will be removed in a later version of Unity.
Add a delegate to SceneManager.sceneLoaded instead to get notifications after scene loading has completed

Native extension for WindowsStandalone target not found
Refreshing native plugins compatible for Editor in 0.51 ms, found 2 plugins.
Preloading 0 native plugins for Editor in 0.00 ms.
Mono: successfully reloaded assembly
- Completed reload, in  0.809 seconds
Platform modules already initialized, skipping
Refreshing native plugins compatible for Editor in 0.54 ms, found 2 plugins.
Preloading 0 native plugins for Editor in 0.00 ms.
Unloading 1939 Unused Serialized files (Serialized files now loaded: 0)
System memory in use before: 84.4 MB.
System memory in use after: 84.5 MB.

Unloading 49 unused Assets to reduce memory usage. Loaded Objects now: 2389.
Total: 5.940400 ms (FindLiveObjects: 0.267200 ms CreateObjectMapping: 0.141900 ms MarkObjects: 5.495000 ms  DeleteObjects: 0.034900 ms)

AssetImportParameters requested are different than current active one (requested -> active):
  custom:framework-win-MediaFoundation: 216162199b28c13a410421893ffa2e32 -> 
  custom:video-decoder-ogg-theora: a1e56fd34408186e4bbccfd4996cb3dc -> 
  custom:container-muxer-webm: aa71ff27fc2769a1b78a27578f13a17b -> 
  custom:container-demuxer-webm: 4f35f7cbe854078d1ac9338744f61a02 -> 
  custom:container-demuxer-ogg: 62fdf1f143b41e24485cea50d1cbac27 -> 
  custom:video-encoder-webm-vp8: eb34c28f22e8b96e1ab97ce403110664 -> 
  custom:video-decoder-webm-vp8: 9c59270c3fd7afecdb556c50c9e8de78 -> 
  custom:audio-decoder-ogg-vorbis: bf7c407c2cedff20999df2af8eb42d56 -> 
  custom:audio-encoder-webm-vorbis: bf7c407c2cedff20999df2af8eb42d56 -> 
========================================================================
Received Prepare
Refreshing native plugins compatible for Editor in 9.33 ms, found 2 plugins.
Preloading 0 native plugins for Editor in 0.00 ms.
Unloading 48 Unused Serialized files (Serialized files now loaded: 0)
System memory in use before: 46.3 MB.
System memory in use after: 46.4 MB.

Unloading 47 unused Assets to reduce memory usage. Loaded Objects now: 2389.
Total: 4.098700 ms (FindLiveObjects: 0.144900 ms CreateObjectMapping: 0.059100 ms MarkObjects: 3.875300 ms  DeleteObjects: 0.018700 ms)

AssetImportParameters requested are different than current active one (requested -> active):
  custom:framework-win-MediaFoundation: 216162199b28c13a410421893ffa2e32 -> 
  custom:video-decoder-ogg-theora: a1e56fd34408186e4bbccfd4996cb3dc -> 
  custom:container-muxer-webm: aa71ff27fc2769a1b78a27578f13a17b -> 
  custom:container-demuxer-webm: 4f35f7cbe854078d1ac9338744f61a02 -> 
  custom:container-demuxer-ogg: 62fdf1f143b41e24485cea50d1cbac27 -> 
  custom:video-encoder-webm-vp8: eb34c28f22e8b96e1ab97ce403110664 -> 
  custom:video-decoder-webm-vp8: 9c59270c3fd7afecdb556c50c9e8de78 -> 
  custom:audio-decoder-ogg-vorbis: bf7c407c2cedff20999df2af8eb42d56 -> 
  custom:audio-encoder-webm-vorbis: bf7c407c2cedff20999df2af8eb42d56 -> 
========================================================================
Received Import Request.
  Time since last request: 375.910418 seconds.
  path: Packages/com.unity.purchasing/Icons/LinkBlack.png
  artifactKey: Guid(33d3dd2c39dfd49a3b2d36b20225624a) Importer(815301076,1909f56bfc062723c751e8b465ee728b)
Start importing Packages/com.unity.purchasing/Icons/LinkBlack.png using Guid(33d3dd2c39dfd49a3b2d36b20225624a) Importer(815301076,1909f56bfc062723c751e8b465ee728b)  -> (artifact id: '6773dec06f9e18e47b3cedf3d6d1ab34') in 0.081201 seconds 
  Import took 0.101403 seconds .

========================================================================
Received Import Request.
  Time since last request: 0.000211 seconds.
  path: Packages/com.unity.purchasing/Icons/LinkWhite.png
  artifactKey: Guid(e679a29ca22bc4fa0bd848bd79a42b79) Importer(815301076,1909f56bfc062723c751e8b465ee728b)
Start importing Packages/com.unity.purchasing/Icons/LinkWhite.png using Guid(e679a29ca22bc4fa0bd848bd79a42b79) Importer(815301076,1909f56bfc062723c751e8b465ee728b)  -> (artifact id: '3ade22b1dd2736ac9bbfa7f32daf783a') in 0.013597 seconds 
  Import took 0.016040 seconds .

========================================================================
Received Import Request.
  Time since last request: 0.266112 seconds.
  path: Packages/com.unity.purchasing/Icons/UnityEngine.Purchasing.IAPButtonIcon.png
  artifactKey: Guid(55e457740fe60405dac77af143e1a867) Importer(815301076,1909f56bfc062723c751e8b465ee728b)
Start importing Packages/com.unity.purchasing/Icons/UnityEngine.Purchasing.IAPButtonIcon.png using Guid(55e457740fe60405dac77af143e1a867) Importer(815301076,1909f56bfc062723c751e8b465ee728b)  -> (artifact id: '6b22b6584e36fb8728e429783a965ca0') in 0.013241 seconds 
  Import took 0.024881 seconds .

========================================================================
Received Prepare
Refreshing native plugins compatible for Editor in 9.67 ms, found 2 plugins.
Preloading 0 native plugins for Editor in 0.00 ms.
Unloading 48 Unused Serialized files (Serialized files now loaded: 0)
System memory in use before: 46.4 MB.
System memory in use after: 46.5 MB.

Unloading 47 unused Assets to reduce memory usage. Loaded Objects now: 2391.
Total: 4.344300 ms (FindLiveObjects: 0.169700 ms CreateObjectMapping: 0.070200 ms MarkObjects: 4.084200 ms  DeleteObjects: 0.019100 ms)

AssetImportParameters requested are different than current active one (requested -> active):
  custom:framework-win-MediaFoundation: 216162199b28c13a410421893ffa2e32 -> 
  custom:video-decoder-ogg-theora: a1e56fd34408186e4bbccfd4996cb3dc -> 
  custom:container-muxer-webm: aa71ff27fc2769a1b78a27578f13a17b -> 
  custom:container-demuxer-webm: 4f35f7cbe854078d1ac9338744f61a02 -> 
  custom:container-demuxer-ogg: 62fdf1f143b41e24485cea50d1cbac27 -> 
  custom:video-encoder-webm-vp8: eb34c28f22e8b96e1ab97ce403110664 -> 
  custom:video-decoder-webm-vp8: 9c59270c3fd7afecdb556c50c9e8de78 -> 
  custom:audio-decoder-ogg-vorbis: bf7c407c2cedff20999df2af8eb42d56 -> 
  custom:audio-encoder-webm-vorbis: bf7c407c2cedff20999df2af8eb42d56 -> 
========================================================================
Received Prepare
Registering precompiled user dll's ...
Registered in 0.004068 seconds.
OnLevelWasLoaded was found on GameSettings
This message has been deprecated and will be removed in a later version of Unity.
Add a delegate to SceneManager.sceneLoaded instead to get notifications after scene loading has completed

Begin MonoManager ReloadAssembly
OnLevelWasLoaded was found on GameSettings
This message has been deprecated and will be removed in a later version of Unity.
Add a delegate to SceneManager.sceneLoaded instead to get notifications after scene loading has completed

Native extension for WindowsStandalone target not found
Refreshing native plugins compatible for Editor in 0.56 ms, found 2 plugins.
Preloading 0 native plugins for Editor in 0.00 ms.
Mono: successfully reloaded assembly
- Completed reload, in  0.797 seconds
Platform modules already initialized, skipping
Refreshing native plugins compatible for Editor in 0.53 ms, found 2 plugins.
Preloading 0 native plugins for Editor in 0.00 ms.
Unloading 1939 Unused Serialized files (Serialized files now loaded: 0)
System memory in use before: 84.5 MB.
System memory in use after: 84.6 MB.

Unloading 49 unused Assets to reduce memory usage. Loaded Objects now: 2394.
Total: 4.033900 ms (FindLiveObjects: 0.149300 ms CreateObjectMapping: 0.060200 ms MarkObjects: 3.802800 ms  DeleteObjects: 0.020800 ms)

AssetImportParameters requested are different than current active one (requested -> active):
  custom:framework-win-MediaFoundation: 216162199b28c13a410421893ffa2e32 -> 
  custom:video-decoder-ogg-theora: a1e56fd34408186e4bbccfd4996cb3dc -> 
  custom:container-muxer-webm: aa71ff27fc2769a1b78a27578f13a17b -> 
  custom:container-demuxer-webm: 4f35f7cbe854078d1ac9338744f61a02 -> 
  custom:container-demuxer-ogg: 62fdf1f143b41e24485cea50d1cbac27 -> 
  custom:video-encoder-webm-vp8: eb34c28f22e8b96e1ab97ce403110664 -> 
  custom:video-decoder-webm-vp8: 9c59270c3fd7afecdb556c50c9e8de78 -> 
  custom:audio-decoder-ogg-vorbis: bf7c407c2cedff20999df2af8eb42d56 -> 
  custom:audio-encoder-webm-vorbis: bf7c407c2cedff20999df2af8eb42d56 -> 
========================================================================
Received Prepare
Registering precompiled user dll's ...
Registered in 0.004092 seconds.
OnLevelWasLoaded was found on GameSettings
This message has been deprecated and will be removed in a later version of Unity.
Add a delegate to SceneManager.sceneLoaded instead to get notifications after scene loading has completed

Begin MonoManager ReloadAssembly
OnLevelWasLoaded was found on GameSettings
This message has been deprecated and will be removed in a later version of Unity.
Add a delegate to SceneManager.sceneLoaded instead to get notifications after scene loading has completed

Native extension for WindowsStandalone target not found
Refreshing native plugins compatible for Editor in 0.51 ms, found 2 plugins.
Preloading 0 native plugins for Editor in 0.00 ms.
Mono: successfully reloaded assembly
- Completed reload, in  0.796 seconds
Platform modules already initialized, skipping
Refreshing native plugins compatible for Editor in 0.51 ms, found 2 plugins.
Preloading 0 native plugins for Editor in 0.00 ms.
Unloading 1939 Unused Serialized files (Serialized files now loaded: 0)
System memory in use before: 84.5 MB.
System memory in use after: 84.6 MB.

Unloading 49 unused Assets to reduce memory usage. Loaded Objects now: 2397.
Total: 4.156900 ms (FindLiveObjects: 0.163200 ms CreateObjectMapping: 0.086000 ms MarkObjects: 3.880900 ms  DeleteObjects: 0.025700 ms)

AssetImportParameters requested are different than current active one (requested -> active):
  custom:framework-win-MediaFoundation: 216162199b28c13a410421893ffa2e32 -> 
  custom:video-decoder-ogg-theora: a1e56fd34408186e4bbccfd4996cb3dc -> 
  custom:container-muxer-webm: aa71ff27fc2769a1b78a27578f13a17b -> 
  custom:container-demuxer-webm: 4f35f7cbe854078d1ac9338744f61a02 -> 
  custom:container-demuxer-ogg: 62fdf1f143b41e24485cea50d1cbac27 -> 
  custom:video-encoder-webm-vp8: eb34c28f22e8b96e1ab97ce403110664 -> 
  custom:video-decoder-webm-vp8: 9c59270c3fd7afecdb556c50c9e8de78 -> 
  custom:audio-decoder-ogg-vorbis: bf7c407c2cedff20999df2af8eb42d56 -> 
  custom:audio-encoder-webm-vorbis: bf7c407c2cedff20999df2af8eb42d56 -> 
========================================================================
Received Import Request.
  Time since last request: 257.512644 seconds.
  path: Assets/Scenes/Game.unity
  artifactKey: Guid(2cda990e2423bbf4892e6590ba056729) Importer(815301076,1909f56bfc062723c751e8b465ee728b)
Start importing Assets/Scenes/Game.unity using Guid(2cda990e2423bbf4892e6590ba056729) Importer(815301076,1909f56bfc062723c751e8b465ee728b)  -> (artifact id: 'cfe2619977b98dfdfa6ce4a436dab0ec') in 0.011570 seconds 
  Import took 0.013992 seconds .

========================================================================
Received Prepare
Registering precompiled user dll's ...
Registered in 0.004123 seconds.
OnLevelWasLoaded was found on GameSettings
This message has been deprecated and will be removed in a later version of Unity.
Add a delegate to SceneManager.sceneLoaded instead to get notifications after scene loading has completed

Begin MonoManager ReloadAssembly
OnLevelWasLoaded was found on GameSettings
This message has been deprecated and will be removed in a later version of Unity.
Add a delegate to SceneManager.sceneLoaded instead to get notifications after scene loading has completed

Native extension for WindowsStandalone target not found
Refreshing native plugins compatible for Editor in 0.52 ms, found 2 plugins.
Preloading 0 native plugins for Editor in 0.00 ms.
Mono: successfully reloaded assembly
- Completed reload, in  0.793 seconds
Platform modules already initialized, skipping
Refreshing native plugins compatible for Editor in 0.51 ms, found 2 plugins.
Preloading 0 native plugins for Editor in 0.00 ms.
Unloading 1939 Unused Serialized files (Serialized files now loaded: 0)
System memory in use before: 84.5 MB.
System memory in use after: 84.6 MB.

Unloading 49 unused Assets to reduce memory usage. Loaded Objects now: 2400.
Total: 4.203200 ms (FindLiveObjects: 0.181600 ms CreateObjectMapping: 0.091500 ms MarkObjects: 3.903700 ms  DeleteObjects: 0.025400 ms)

AssetImportParameters requested are different than current active one (requested -> active):
  custom:framework-win-MediaFoundation: 216162199b28c13a410421893ffa2e32 -> 
  custom:video-decoder-ogg-theora: a1e56fd34408186e4bbccfd4996cb3dc -> 
  custom:container-muxer-webm: aa71ff27fc2769a1b78a27578f13a17b -> 
  custom:container-demuxer-webm: 4f35f7cbe854078d1ac9338744f61a02 -> 
  custom:container-demuxer-ogg: 62fdf1f143b41e24485cea50d1cbac27 -> 
  custom:video-encoder-webm-vp8: eb34c28f22e8b96e1ab97ce403110664 -> 
  custom:video-decoder-webm-vp8: 9c59270c3fd7afecdb556c50c9e8de78 -> 
  custom:audio-decoder-ogg-vorbis: bf7c407c2cedff20999df2af8eb42d56 -> 
  custom:audio-encoder-webm-vorbis: bf7c407c2cedff20999df2af8eb42d56 -> 
========================================================================
Received Prepare
Registering precompiled user dll's ...
Registered in 0.004078 seconds.
OnLevelWasLoaded was found on GameSettings
This message has been deprecated and will be removed in a later version of Unity.
Add a delegate to SceneManager.sceneLoaded instead to get notifications after scene loading has completed

Begin MonoManager ReloadAssembly
OnLevelWasLoaded was found on GameSettings
This message has been deprecated and will be removed in a later version of Unity.
Add a delegate to SceneManager.sceneLoaded instead to get notifications after scene loading has completed

Native extension for WindowsStandalone target not found
Refreshing native plugins compatible for Editor in 0.51 ms, found 2 plugins.
Preloading 0 native plugins for Editor in 0.00 ms.
Mono: successfully reloaded assembly
- Completed reload, in  0.796 seconds
Platform modules already initialized, skipping
Refreshing native plugins compatible for Editor in 0.50 ms, found 2 plugins.
Preloading 0 native plugins for Editor in 0.00 ms.
Unloading 1939 Unused Serialized files (Serialized files now loaded: 0)
System memory in use before: 84.5 MB.
System memory in use after: 84.6 MB.

Unloading 49 unused Assets to reduce memory usage. Loaded Objects now: 2403.
Total: 3.833600 ms (FindLiveObjects: 0.147900 ms CreateObjectMapping: 0.069800 ms MarkObjects: 3.597400 ms  DeleteObjects: 0.017800 ms)

AssetImportParameters requested are different than current active one (requested -> active):
  custom:framework-win-MediaFoundation: 216162199b28c13a410421893ffa2e32 -> 
  custom:video-decoder-ogg-theora: a1e56fd34408186e4bbccfd4996cb3dc -> 
  custom:container-muxer-webm: aa71ff27fc2769a1b78a27578f13a17b -> 
  custom:container-demuxer-webm: 4f35f7cbe854078d1ac9338744f61a02 -> 
  custom:container-demuxer-ogg: 62fdf1f143b41e24485cea50d1cbac27 -> 
  custom:video-encoder-webm-vp8: eb34c28f22e8b96e1ab97ce403110664 -> 
  custom:video-decoder-webm-vp8: 9c59270c3fd7afecdb556c50c9e8de78 -> 
  custom:audio-decoder-ogg-vorbis: bf7c407c2cedff20999df2af8eb42d56 -> 
  custom:audio-encoder-webm-vorbis: bf7c407c2cedff20999df2af8eb42d56 -> 
========================================================================
Received Prepare
Registering precompiled user dll's ...
Registered in 0.003878 seconds.
OnLevelWasLoaded was found on GameSettings
This message has been deprecated and will be removed in a later version of Unity.
Add a delegate to SceneManager.sceneLoaded instead to get notifications after scene loading has completed

Begin MonoManager ReloadAssembly
OnLevelWasLoaded was found on GameSettings
This message has been deprecated and will be removed in a later version of Unity.
Add a delegate to SceneManager.sceneLoaded instead to get notifications after scene loading has completed

Native extension for WindowsStandalone target not found
Refreshing native plugins compatible for Editor in 0.50 ms, found 2 plugins.
Preloading 0 native plugins for Editor in 0.00 ms.
Mono: successfully reloaded assembly
- Completed reload, in  0.799 seconds
Platform modules already initialized, skipping
Refreshing native plugins compatible for Editor in 0.50 ms, found 2 plugins.
Preloading 0 native plugins for Editor in 0.00 ms.
Unloading 1939 Unused Serialized files (Serialized files now loaded: 0)
System memory in use before: 84.5 MB.
System memory in use after: 84.6 MB.

Unloading 49 unused Assets to reduce memory usage. Loaded Objects now: 2406.
Total: 4.090800 ms (FindLiveObjects: 0.152100 ms CreateObjectMapping: 0.061000 ms MarkObjects: 3.854700 ms  DeleteObjects: 0.022300 ms)

AssetImportParameters requested are different than current active one (requested -> active):
  custom:framework-win-MediaFoundation: 216162199b28c13a410421893ffa2e32 -> 
  custom:video-decoder-ogg-theora: a1e56fd34408186e4bbccfd4996cb3dc -> 
  custom:container-muxer-webm: aa71ff27fc2769a1b78a27578f13a17b -> 
  custom:container-demuxer-webm: 4f35f7cbe854078d1ac9338744f61a02 -> 
  custom:container-demuxer-ogg: 62fdf1f143b41e24485cea50d1cbac27 -> 
  custom:video-encoder-webm-vp8: eb34c28f22e8b96e1ab97ce403110664 -> 
  custom:video-decoder-webm-vp8: 9c59270c3fd7afecdb556c50c9e8de78 -> 
  custom:audio-decoder-ogg-vorbis: bf7c407c2cedff20999df2af8eb42d56 -> 
  custom:audio-encoder-webm-vorbis: bf7c407c2cedff20999df2af8eb42d56 -> 
========================================================================
Received Prepare
Registering precompiled user dll's ...
Registered in 0.003931 seconds.
OnLevelWasLoaded was found on GameSettings
This message has been deprecated and will be removed in a later version of Unity.
Add a delegate to SceneManager.sceneLoaded instead to get notifications after scene loading has completed

Begin MonoManager ReloadAssembly
OnLevelWasLoaded was found on GameSettings
This message has been deprecated and will be removed in a later version of Unity.
Add a delegate to SceneManager.sceneLoaded instead to get notifications after scene loading has completed

Native extension for WindowsStandalone target not found
Refreshing native plugins compatible for Editor in 0.51 ms, found 2 plugins.
Preloading 0 native plugins for Editor in 0.00 ms.
Mono: successfully reloaded assembly
- Completed reload, in  0.798 seconds
Platform modules already initialized, skipping
Refreshing native plugins compatible for Editor in 0.56 ms, found 2 plugins.
Preloading 0 native plugins for Editor in 0.00 ms.
Unloading 1939 Unused Serialized files (Serialized files now loaded: 0)
System memory in use before: 84.5 MB.
System memory in use after: 84.6 MB.

Unloading 49 unused Assets to reduce memory usage. Loaded Objects now: 2409.
Total: 4.400500 ms (FindLiveObjects: 0.171400 ms CreateObjectMapping: 0.065400 ms MarkObjects: 4.135800 ms  DeleteObjects: 0.026700 ms)

AssetImportParameters requested are different than current active one (requested -> active):
  custom:framework-win-MediaFoundation: 216162199b28c13a410421893ffa2e32 -> 
  custom:video-decoder-ogg-theora: a1e56fd34408186e4bbccfd4996cb3dc -> 
  custom:container-muxer-webm: aa71ff27fc2769a1b78a27578f13a17b -> 
  custom:container-demuxer-webm: 4f35f7cbe854078d1ac9338744f61a02 -> 
  custom:container-demuxer-ogg: 62fdf1f143b41e24485cea50d1cbac27 -> 
  custom:video-encoder-webm-vp8: eb34c28f22e8b96e1ab97ce403110664 -> 
  custom:video-decoder-webm-vp8: 9c59270c3fd7afecdb556c50c9e8de78 -> 
  custom:audio-decoder-ogg-vorbis: bf7c407c2cedff20999df2af8eb42d56 -> 
  custom:audio-encoder-webm-vorbis: bf7c407c2cedff20999df2af8eb42d56 -> 
========================================================================
Received Prepare
Registering precompiled user dll's ...
Registered in 0.004695 seconds.
OnLevelWasLoaded was found on GameSettings
This message has been deprecated and will be removed in a later version of Unity.
Add a delegate to SceneManager.sceneLoaded instead to get notifications after scene loading has completed

Begin MonoManager ReloadAssembly
OnLevelWasLoaded was found on GameSettings
This message has been deprecated and will be removed in a later version of Unity.
Add a delegate to SceneManager.sceneLoaded instead to get notifications after scene loading has completed

Native extension for WindowsStandalone target not found
Refreshing native plugins compatible for Editor in 0.52 ms, found 2 plugins.
Preloading 0 native plugins for Editor in 0.00 ms.
Mono: successfully reloaded assembly
- Completed reload, in  0.825 seconds
Platform modules already initialized, skipping
Refreshing native plugins compatible for Editor in 0.50 ms, found 2 plugins.
Preloading 0 native plugins for Editor in 0.00 ms.
Unloading 1939 Unused Serialized files (Serialized files now loaded: 0)
System memory in use before: 84.5 MB.
System memory in use after: 84.6 MB.

Unloading 49 unused Assets to reduce memory usage. Loaded Objects now: 2412.
Total: 3.865000 ms (FindLiveObjects: 0.146900 ms CreateObjectMapping: 0.058200 ms MarkObjects: 3.639300 ms  DeleteObjects: 0.019900 ms)

AssetImportParameters requested are different than current active one (requested -> active):
  custom:framework-win-MediaFoundation: 216162199b28c13a410421893ffa2e32 -> 
  custom:video-decoder-ogg-theora: a1e56fd34408186e4bbccfd4996cb3dc -> 
  custom:container-muxer-webm: aa71ff27fc2769a1b78a27578f13a17b -> 
  custom:container-demuxer-webm: 4f35f7cbe854078d1ac9338744f61a02 -> 
  custom:container-demuxer-ogg: 62fdf1f143b41e24485cea50d1cbac27 -> 
  custom:video-encoder-webm-vp8: eb34c28f22e8b96e1ab97ce403110664 -> 
  custom:video-decoder-webm-vp8: 9c59270c3fd7afecdb556c50c9e8de78 -> 
  custom:audio-decoder-ogg-vorbis: bf7c407c2cedff20999df2af8eb42d56 -> 
  custom:audio-encoder-webm-vorbis: bf7c407c2cedff20999df2af8eb42d56 -> 
========================================================================
Received Prepare
Registering precompiled user dll's ...
Registered in 0.003896 seconds.
OnLevelWasLoaded was found on GameSettings
This message has been deprecated and will be removed in a later version of Unity.
Add a delegate to SceneManager.sceneLoaded instead to get notifications after scene loading has completed

Begin MonoManager ReloadAssembly
OnLevelWasLoaded was found on GameSettings
This message has been deprecated and will be removed in a later version of Unity.
Add a delegate to SceneManager.sceneLoaded instead to get notifications after scene loading has completed

Native extension for WindowsStandalone target not found
Refreshing native plugins compatible for Editor in 0.51 ms, found 2 plugins.
Preloading 0 native plugins for Editor in 0.00 ms.
Mono: successfully reloaded assembly
- Completed reload, in  0.800 seconds
Platform modules already initialized, skipping
Refreshing native plugins compatible for Editor in 0.50 ms, found 2 plugins.
Preloading 0 native plugins for Editor in 0.00 ms.
Unloading 1939 Unused Serialized files (Serialized files now loaded: 0)
System memory in use before: 84.5 MB.
System memory in use after: 84.6 MB.

Unloading 49 unused Assets to reduce memory usage. Loaded Objects now: 2415.
Total: 3.977400 ms (FindLiveObjects: 0.191400 ms CreateObjectMapping: 0.076700 ms MarkObjects: 3.688000 ms  DeleteObjects: 0.020500 ms)

AssetImportParameters requested are different than current active one (requested -> active):
  custom:framework-win-MediaFoundation: 216162199b28c13a410421893ffa2e32 -> 
  custom:video-decoder-ogg-theora: a1e56fd34408186e4bbccfd4996cb3dc -> 
  custom:container-muxer-webm: aa71ff27fc2769a1b78a27578f13a17b -> 
  custom:container-demuxer-webm: 4f35f7cbe854078d1ac9338744f61a02 -> 
  custom:container-demuxer-ogg: 62fdf1f143b41e24485cea50d1cbac27 -> 
  custom:video-encoder-webm-vp8: eb34c28f22e8b96e1ab97ce403110664 -> 
  custom:video-decoder-webm-vp8: 9c59270c3fd7afecdb556c50c9e8de78 -> 
  custom:audio-decoder-ogg-vorbis: bf7c407c2cedff20999df2af8eb42d56 -> 
  custom:audio-encoder-webm-vorbis: bf7c407c2cedff20999df2af8eb42d56 -> 
========================================================================
Received Prepare
Registering precompiled user dll's ...
Registered in 0.003878 seconds.
OnLevelWasLoaded was found on GameSettings
This message has been deprecated and will be removed in a later version of Unity.
Add a delegate to SceneManager.sceneLoaded instead to get notifications after scene loading has completed

Begin MonoManager ReloadAssembly
OnLevelWasLoaded was found on GameSettings
This message has been deprecated and will be removed in a later version of Unity.
Add a delegate to SceneManager.sceneLoaded instead to get notifications after scene loading has completed

Native extension for WindowsStandalone target not found
Refreshing native plugins compatible for Editor in 0.52 ms, found 2 plugins.
Preloading 0 native plugins for Editor in 0.00 ms.
Mono: successfully reloaded assembly
- Completed reload, in  0.795 seconds
Platform modules already initialized, skipping
Refreshing native plugins compatible for Editor in 0.55 ms, found 2 plugins.
Preloading 0 native plugins for Editor in 0.00 ms.
Unloading 1939 Unused Serialized files (Serialized files now loaded: 0)
System memory in use before: 84.5 MB.
System memory in use after: 84.6 MB.

Unloading 49 unused Assets to reduce memory usage. Loaded Objects now: 2418.
Total: 4.209300 ms (FindLiveObjects: 0.181700 ms CreateObjectMapping: 0.072700 ms MarkObjects: 3.929200 ms  DeleteObjects: 0.024600 ms)

AssetImportParameters requested are different than current active one (requested -> active):
  custom:framework-win-MediaFoundation: 216162199b28c13a410421893ffa2e32 -> 
  custom:video-decoder-ogg-theora: a1e56fd34408186e4bbccfd4996cb3dc -> 
  custom:container-muxer-webm: aa71ff27fc2769a1b78a27578f13a17b -> 
  custom:container-demuxer-webm: 4f35f7cbe854078d1ac9338744f61a02 -> 
  custom:container-demuxer-ogg: 62fdf1f143b41e24485cea50d1cbac27 -> 
  custom:video-encoder-webm-vp8: eb34c28f22e8b96e1ab97ce403110664 -> 
  custom:video-decoder-webm-vp8: 9c59270c3fd7afecdb556c50c9e8de78 -> 
  custom:audio-decoder-ogg-vorbis: bf7c407c2cedff20999df2af8eb42d56 -> 
  custom:audio-encoder-webm-vorbis: bf7c407c2cedff20999df2af8eb42d56 -> 
========================================================================
Received Prepare
Registering precompiled user dll's ...
Registered in 0.003909 seconds.
OnLevelWasLoaded was found on GameSettings
This message has been deprecated and will be removed in a later version of Unity.
Add a delegate to SceneManager.sceneLoaded instead to get notifications after scene loading has completed

Begin MonoManager ReloadAssembly
OnLevelWasLoaded was found on GameSettings
This message has been deprecated and will be removed in a later version of Unity.
Add a delegate to SceneManager.sceneLoaded instead to get notifications after scene loading has completed

Native extension for WindowsStandalone target not found
Refreshing native plugins compatible for Editor in 0.53 ms, found 2 plugins.
Preloading 0 native plugins for Editor in 0.00 ms.
Mono: successfully reloaded assembly
- Completed reload, in  0.805 seconds
Platform modules already initialized, skipping
Refreshing native plugins compatible for Editor in 0.50 ms, found 2 plugins.
Preloading 0 native plugins for Editor in 0.00 ms.
Unloading 1939 Unused Serialized files (Serialized files now loaded: 0)
System memory in use before: 84.5 MB.
System memory in use after: 84.6 MB.

Unloading 49 unused Assets to reduce memory usage. Loaded Objects now: 2421.
Total: 3.983000 ms (FindLiveObjects: 0.182100 ms CreateObjectMapping: 0.091800 ms MarkObjects: 3.687300 ms  DeleteObjects: 0.021100 ms)

AssetImportParameters requested are different than current active one (requested -> active):
  custom:framework-win-MediaFoundation: 216162199b28c13a410421893ffa2e32 -> 
  custom:video-decoder-ogg-theora: a1e56fd34408186e4bbccfd4996cb3dc -> 
  custom:container-muxer-webm: aa71ff27fc2769a1b78a27578f13a17b -> 
  custom:container-demuxer-webm: 4f35f7cbe854078d1ac9338744f61a02 -> 
  custom:container-demuxer-ogg: 62fdf1f143b41e24485cea50d1cbac27 -> 
  custom:video-encoder-webm-vp8: eb34c28f22e8b96e1ab97ce403110664 -> 
  custom:video-decoder-webm-vp8: 9c59270c3fd7afecdb556c50c9e8de78 -> 
  custom:audio-decoder-ogg-vorbis: bf7c407c2cedff20999df2af8eb42d56 -> 
  custom:audio-encoder-webm-vorbis: bf7c407c2cedff20999df2af8eb42d56 -> 
========================================================================
Received Prepare
Registering precompiled user dll's ...
Registered in 0.003841 seconds.
OnLevelWasLoaded was found on GameSettings
This message has been deprecated and will be removed in a later version of Unity.
Add a delegate to SceneManager.sceneLoaded instead to get notifications after scene loading has completed

Begin MonoManager ReloadAssembly
OnLevelWasLoaded was found on GameSettings
This message has been deprecated and will be removed in a later version of Unity.
Add a delegate to SceneManager.sceneLoaded instead to get notifications after scene loading has completed

Native extension for WindowsStandalone target not found
Refreshing native plugins compatible for Editor in 0.52 ms, found 2 plugins.
Preloading 0 native plugins for Editor in 0.00 ms.
Mono: successfully reloaded assembly
- Completed reload, in  0.799 seconds
Platform modules already initialized, skipping
Refreshing native plugins compatible for Editor in 0.49 ms, found 2 plugins.
Preloading 0 native plugins for Editor in 0.00 ms.
Unloading 1939 Unused Serialized files (Serialized files now loaded: 0)
System memory in use before: 84.5 MB.
System memory in use after: 84.6 MB.

Unloading 49 unused Assets to reduce memory usage. Loaded Objects now: 2424.
Total: 3.896500 ms (FindLiveObjects: 0.159800 ms CreateObjectMapping: 0.068200 ms MarkObjects: 3.646900 ms  DeleteObjects: 0.020800 ms)

AssetImportParameters requested are different than current active one (requested -> active):
  custom:framework-win-MediaFoundation: 216162199b28c13a410421893ffa2e32 -> 
  custom:video-decoder-ogg-theora: a1e56fd34408186e4bbccfd4996cb3dc -> 
  custom:container-muxer-webm: aa71ff27fc2769a1b78a27578f13a17b -> 
  custom:container-demuxer-webm: 4f35f7cbe854078d1ac9338744f61a02 -> 
  custom:container-demuxer-ogg: 62fdf1f143b41e24485cea50d1cbac27 -> 
  custom:video-encoder-webm-vp8: eb34c28f22e8b96e1ab97ce403110664 -> 
  custom:video-decoder-webm-vp8: 9c59270c3fd7afecdb556c50c9e8de78 -> 
  custom:audio-decoder-ogg-vorbis: bf7c407c2cedff20999df2af8eb42d56 -> 
  custom:audio-encoder-webm-vorbis: bf7c407c2cedff20999df2af8eb42d56 -> 
========================================================================
Received Prepare
Registering precompiled user dll's ...
Registered in 0.003821 seconds.
OnLevelWasLoaded was found on GameSettings
This message has been deprecated and will be removed in a later version of Unity.
Add a delegate to SceneManager.sceneLoaded instead to get notifications after scene loading has completed

Begin MonoManager ReloadAssembly
OnLevelWasLoaded was found on GameSettings
This message has been deprecated and will be removed in a later version of Unity.
Add a delegate to SceneManager.sceneLoaded instead to get notifications after scene loading has completed

Native extension for WindowsStandalone target not found
Refreshing native plugins compatible for Editor in 0.50 ms, found 2 plugins.
Preloading 0 native plugins for Editor in 0.00 ms.
Mono: successfully reloaded assembly
- Completed reload, in  0.778 seconds
Platform modules already initialized, skipping
Refreshing native plugins compatible for Editor in 0.48 ms, found 2 plugins.
Preloading 0 native plugins for Editor in 0.00 ms.
Unloading 1939 Unused Serialized files (Serialized files now loaded: 0)
System memory in use before: 84.5 MB.
System memory in use after: 84.7 MB.

Unloading 49 unused Assets to reduce memory usage. Loaded Objects now: 2427.
Total: 3.862800 ms (FindLiveObjects: 0.144600 ms CreateObjectMapping: 0.060200 ms MarkObjects: 3.638000 ms  DeleteObjects: 0.019000 ms)

AssetImportParameters requested are different than current active one (requested -> active):
  custom:framework-win-MediaFoundation: 216162199b28c13a410421893ffa2e32 -> 
  custom:video-decoder-ogg-theora: a1e56fd34408186e4bbccfd4996cb3dc -> 
  custom:container-muxer-webm: aa71ff27fc2769a1b78a27578f13a17b -> 
  custom:container-demuxer-webm: 4f35f7cbe854078d1ac9338744f61a02 -> 
  custom:container-demuxer-ogg: 62fdf1f143b41e24485cea50d1cbac27 -> 
  custom:video-encoder-webm-vp8: eb34c28f22e8b96e1ab97ce403110664 -> 
  custom:video-decoder-webm-vp8: 9c59270c3fd7afecdb556c50c9e8de78 -> 
  custom:audio-decoder-ogg-vorbis: bf7c407c2cedff20999df2af8eb42d56 -> 
  custom:audio-encoder-webm-vorbis: bf7c407c2cedff20999df2af8eb42d56 -> 
========================================================================
Received Prepare
Registering precompiled user dll's ...
Registered in 0.091460 seconds.
OnLevelWasLoaded was found on GameSettings
This message has been deprecated and will be removed in a later version of Unity.
Add a delegate to SceneManager.sceneLoaded instead to get notifications after scene loading has completed

Begin MonoManager ReloadAssembly
OnLevelWasLoaded was found on GameSettings
This message has been deprecated and will be removed in a later version of Unity.
Add a delegate to SceneManager.sceneLoaded instead to get notifications after scene loading has completed

Native extension for WindowsStandalone target not found
Refreshing native plugins compatible for Editor in 0.50 ms, found 2 plugins.
Preloading 0 native plugins for Editor in 0.00 ms.
Mono: successfully reloaded assembly
- Completed reload, in  0.789 seconds
Platform modules already initialized, skipping
Refreshing native plugins compatible for Editor in 0.53 ms, found 2 plugins.
Preloading 0 native plugins for Editor in 0.00 ms.
Unloading 1939 Unused Serialized files (Serialized files now loaded: 0)
System memory in use before: 84.5 MB.
System memory in use after: 84.7 MB.

Unloading 49 unused Assets to reduce memory usage. Loaded Objects now: 2430.
Total: 4.224100 ms (FindLiveObjects: 0.150200 ms CreateObjectMapping: 0.058900 ms MarkObjects: 3.996300 ms  DeleteObjects: 0.018000 ms)

AssetImportParameters requested are different than current active one (requested -> active):
  custom:framework-win-MediaFoundation: 216162199b28c13a410421893ffa2e32 -> 
  custom:video-decoder-ogg-theora: a1e56fd34408186e4bbccfd4996cb3dc -> 
  custom:container-muxer-webm: aa71ff27fc2769a1b78a27578f13a17b -> 
  custom:container-demuxer-webm: 4f35f7cbe854078d1ac9338744f61a02 -> 
  custom:container-demuxer-ogg: 62fdf1f143b41e24485cea50d1cbac27 -> 
  custom:video-encoder-webm-vp8: eb34c28f22e8b96e1ab97ce403110664 -> 
  custom:video-decoder-webm-vp8: 9c59270c3fd7afecdb556c50c9e8de78 -> 
  custom:audio-decoder-ogg-vorbis: bf7c407c2cedff20999df2af8eb42d56 -> 
  custom:audio-encoder-webm-vorbis: bf7c407c2cedff20999df2af8eb42d56 -> 
========================================================================
Received Prepare
Refreshing native plugins compatible for Editor in 9.53 ms, found 2 plugins.
Preloading 0 native plugins for Editor in 0.00 ms.
Unloading 48 Unused Serialized files (Serialized files now loaded: 0)
System memory in use before: 46.4 MB.
System memory in use after: 46.5 MB.

Unloading 47 unused Assets to reduce memory usage. Loaded Objects now: 2430.
Total: 3.784800 ms (FindLiveObjects: 0.142200 ms CreateObjectMapping: 0.058900 ms MarkObjects: 3.568500 ms  DeleteObjects: 0.014600 ms)

AssetImportParameters requested are different than current active one (requested -> active):
  custom:framework-win-MediaFoundation: 216162199b28c13a410421893ffa2e32 -> 
  custom:video-decoder-ogg-theora: a1e56fd34408186e4bbccfd4996cb3dc -> 
  custom:container-muxer-webm: aa71ff27fc2769a1b78a27578f13a17b -> 
  custom:container-demuxer-webm: 4f35f7cbe854078d1ac9338744f61a02 -> 
  custom:container-demuxer-ogg: 62fdf1f143b41e24485cea50d1cbac27 -> 
  custom:video-encoder-webm-vp8: eb34c28f22e8b96e1ab97ce403110664 -> 
  custom:video-decoder-webm-vp8: 9c59270c3fd7afecdb556c50c9e8de78 -> 
  custom:audio-decoder-ogg-vorbis: bf7c407c2cedff20999df2af8eb42d56 -> 
  custom:audio-encoder-webm-vorbis: bf7c407c2cedff20999df2af8eb42d56 -> 
========================================================================
Received Import Request.
  Time since last request: 4950.233369 seconds.
  path: Assets/Scenes/Game1.unity
  artifactKey: Guid(bf26d5c26bd815d4ca58e31cbfdfd3b3) Importer(815301076,1909f56bfc062723c751e8b465ee728b)
Start importing Assets/Scenes/Game1.unity using Guid(bf26d5c26bd815d4ca58e31cbfdfd3b3) Importer(815301076,1909f56bfc062723c751e8b465ee728b)  -> (artifact id: 'a69cfdf72f85315b63ec50e78fde3578') in 0.023576 seconds 
  Import took 0.043498 seconds .

========================================================================
Received Prepare
Refreshing native plugins compatible for Editor in 9.50 ms, found 2 plugins.
Preloading 0 native plugins for Editor in 0.00 ms.
Unloading 48 Unused Serialized files (Serialized files now loaded: 0)
System memory in use before: 46.4 MB.
System memory in use after: 46.6 MB.

Unloading 47 unused Assets to reduce memory usage. Loaded Objects now: 2430.
Total: 4.928800 ms (FindLiveObjects: 0.168200 ms CreateObjectMapping: 0.058300 ms MarkObjects: 4.684400 ms  DeleteObjects: 0.016900 ms)

AssetImportParameters requested are different than current active one (requested -> active):
  custom:framework-win-MediaFoundation: 216162199b28c13a410421893ffa2e32 -> 
  custom:video-decoder-ogg-theora: a1e56fd34408186e4bbccfd4996cb3dc -> 
  custom:container-muxer-webm: aa71ff27fc2769a1b78a27578f13a17b -> 
  custom:container-demuxer-webm: 4f35f7cbe854078d1ac9338744f61a02 -> 
  custom:container-demuxer-ogg: 62fdf1f143b41e24485cea50d1cbac27 -> 
  custom:video-encoder-webm-vp8: eb34c28f22e8b96e1ab97ce403110664 -> 
  custom:video-decoder-webm-vp8: 9c59270c3fd7afecdb556c50c9e8de78 -> 
  custom:audio-decoder-ogg-vorbis: bf7c407c2cedff20999df2af8eb42d56 -> 
  custom:audio-encoder-webm-vorbis: bf7c407c2cedff20999df2af8eb42d56 -> 
========================================================================
Received Import Request.
  Time since last request: 644.638719 seconds.
  path: Assets/Scenes/Game1.unity
  artifactKey: Guid(bf26d5c26bd815d4ca58e31cbfdfd3b3) Importer(815301076,1909f56bfc062723c751e8b465ee728b)
Start importing Assets/Scenes/Game1.unity using Guid(bf26d5c26bd815d4ca58e31cbfdfd3b3) Importer(815301076,1909f56bfc062723c751e8b465ee728b)  -> (artifact id: 'c63fef8cd3f6e9a4f5850f044f99a53c') in 0.005224 seconds 
  Import took 0.108801 seconds .

========================================================================
Received Import Request.
  Time since last request: 18.063313 seconds.
  path: Assets/Scenes/Game.unity
  artifactKey: Guid(2cda990e2423bbf4892e6590ba056729) Importer(815301076,1909f56bfc062723c751e8b465ee728b)
Start importing Assets/Scenes/Game.unity using Guid(2cda990e2423bbf4892e6590ba056729) Importer(815301076,1909f56bfc062723c751e8b465ee728b)  -> (artifact id: '3ae304e2da6f2f81f51d4f7b44df7cc1') in 0.004533 seconds 
  Import took 0.006915 seconds .

========================================================================
Received Prepare
Refreshing native plugins compatible for Editor in 9.25 ms, found 2 plugins.
Preloading 0 native plugins for Editor in 0.00 ms.
Unloading 48 Unused Serialized files (Serialized files now loaded: 0)
System memory in use before: 46.5 MB.
System memory in use after: 46.6 MB.

Unloading 47 unused Assets to reduce memory usage. Loaded Objects now: 2430.
Total: 4.024100 ms (FindLiveObjects: 0.142600 ms CreateObjectMapping: 0.058900 ms MarkObjects: 3.806200 ms  DeleteObjects: 0.015800 ms)

AssetImportParameters requested are different than current active one (requested -> active):
  custom:framework-win-MediaFoundation: 216162199b28c13a410421893ffa2e32 -> 
  custom:video-decoder-ogg-theora: a1e56fd34408186e4bbccfd4996cb3dc -> 
  custom:container-muxer-webm: aa71ff27fc2769a1b78a27578f13a17b -> 
  custom:container-demuxer-webm: 4f35f7cbe854078d1ac9338744f61a02 -> 
  custom:container-demuxer-ogg: 62fdf1f143b41e24485cea50d1cbac27 -> 
  custom:video-encoder-webm-vp8: eb34c28f22e8b96e1ab97ce403110664 -> 
  custom:video-decoder-webm-vp8: 9c59270c3fd7afecdb556c50c9e8de78 -> 
  custom:audio-decoder-ogg-vorbis: bf7c407c2cedff20999df2af8eb42d56 -> 
  custom:audio-encoder-webm-vorbis: bf7c407c2cedff20999df2af8eb42d56 -> 
========================================================================
Received Prepare
Refreshing native plugins compatible for Editor in 9.18 ms, found 2 plugins.
Preloading 0 native plugins for Editor in 0.00 ms.
Unloading 48 Unused Serialized files (Serialized files now loaded: 0)
System memory in use before: 46.5 MB.
System memory in use after: 46.6 MB.

Unloading 47 unused Assets to reduce memory usage. Loaded Objects now: 2430.
Total: 4.053100 ms (FindLiveObjects: 0.159200 ms CreateObjectMapping: 0.068000 ms MarkObjects: 3.806000 ms  DeleteObjects: 0.019200 ms)

AssetImportParameters requested are different than current active one (requested -> active):
  custom:framework-win-MediaFoundation: 216162199b28c13a410421893ffa2e32 -> 
  custom:video-decoder-ogg-theora: a1e56fd34408186e4bbccfd4996cb3dc -> 
  custom:container-muxer-webm: aa71ff27fc2769a1b78a27578f13a17b -> 
  custom:container-demuxer-webm: 4f35f7cbe854078d1ac9338744f61a02 -> 
  custom:container-demuxer-ogg: 62fdf1f143b41e24485cea50d1cbac27 -> 
  custom:video-encoder-webm-vp8: eb34c28f22e8b96e1ab97ce403110664 -> 
  custom:video-decoder-webm-vp8: 9c59270c3fd7afecdb556c50c9e8de78 -> 
  custom:audio-decoder-ogg-vorbis: bf7c407c2cedff20999df2af8eb42d56 -> 
  custom:audio-encoder-webm-vorbis: bf7c407c2cedff20999df2af8eb42d56 -> 
========================================================================
Received Prepare
Refreshing native plugins compatible for Editor in 9.35 ms, found 2 plugins.
Preloading 0 native plugins for Editor in 0.00 ms.
Unloading 48 Unused Serialized files (Serialized files now loaded: 0)
System memory in use before: 46.5 MB.
System memory in use after: 46.6 MB.

Unloading 47 unused Assets to reduce memory usage. Loaded Objects now: 2430.
Total: 4.307000 ms (FindLiveObjects: 0.166300 ms CreateObjectMapping: 0.060500 ms MarkObjects: 4.061200 ms  DeleteObjects: 0.018300 ms)

AssetImportParameters requested are different than current active one (requested -> active):
  custom:framework-win-MediaFoundation: 216162199b28c13a410421893ffa2e32 -> 
  custom:video-decoder-ogg-theora: a1e56fd34408186e4bbccfd4996cb3dc -> 
  custom:container-muxer-webm: aa71ff27fc2769a1b78a27578f13a17b -> 
  custom:container-demuxer-webm: 4f35f7cbe854078d1ac9338744f61a02 -> 
  custom:container-demuxer-ogg: 62fdf1f143b41e24485cea50d1cbac27 -> 
  custom:video-encoder-webm-vp8: eb34c28f22e8b96e1ab97ce403110664 -> 
  custom:video-decoder-webm-vp8: 9c59270c3fd7afecdb556c50c9e8de78 -> 
  custom:audio-decoder-ogg-vorbis: bf7c407c2cedff20999df2af8eb42d56 -> 
  custom:audio-encoder-webm-vorbis: bf7c407c2cedff20999df2af8eb42d56 -> 
========================================================================
Received Prepare
Refreshing native plugins compatible for Editor in 9.41 ms, found 2 plugins.
Preloading 0 native plugins for Editor in 0.00 ms.
Unloading 48 Unused Serialized files (Serialized files now loaded: 0)
System memory in use before: 46.5 MB.
System memory in use after: 46.6 MB.

Unloading 47 unused Assets to reduce memory usage. Loaded Objects now: 2430.
Total: 3.972000 ms (FindLiveObjects: 0.142200 ms CreateObjectMapping: 0.062700 ms MarkObjects: 3.752300 ms  DeleteObjects: 0.014200 ms)

AssetImportParameters requested are different than current active one (requested -> active):
  custom:framework-win-MediaFoundation: 216162199b28c13a410421893ffa2e32 -> 
  custom:video-decoder-ogg-theora: a1e56fd34408186e4bbccfd4996cb3dc -> 
  custom:container-muxer-webm: aa71ff27fc2769a1b78a27578f13a17b -> 
  custom:container-demuxer-webm: 4f35f7cbe854078d1ac9338744f61a02 -> 
  custom:container-demuxer-ogg: 62fdf1f143b41e24485cea50d1cbac27 -> 
  custom:video-encoder-webm-vp8: eb34c28f22e8b96e1ab97ce403110664 -> 
  custom:video-decoder-webm-vp8: 9c59270c3fd7afecdb556c50c9e8de78 -> 
  custom:audio-decoder-ogg-vorbis: bf7c407c2cedff20999df2af8eb42d56 -> 
  custom:audio-encoder-webm-vorbis: bf7c407c2cedff20999df2af8eb42d56 -> 
========================================================================
Received Import Request.
  Time since last request: 252.532352 seconds.
  path: Assets/Scenes/Game1.unity
  artifactKey: Guid(bf26d5c26bd815d4ca58e31cbfdfd3b3) Importer(815301076,1909f56bfc062723c751e8b465ee728b)
Start importing Assets/Scenes/Game1.unity using Guid(bf26d5c26bd815d4ca58e31cbfdfd3b3) Importer(815301076,1909f56bfc062723c751e8b465ee728b)  -> (artifact id: '5143a61e1ae839c96648eeae1e05ed13') in 0.005248 seconds 
  Import took 0.007725 seconds .

========================================================================
Received Prepare
Refreshing native plugins compatible for Editor in 9.32 ms, found 2 plugins.
Preloading 0 native plugins for Editor in 0.00 ms.
Unloading 48 Unused Serialized files (Serialized files now loaded: 0)
System memory in use before: 46.5 MB.
System memory in use after: 46.6 MB.

Unloading 47 unused Assets to reduce memory usage. Loaded Objects now: 2430.
Total: 4.357400 ms (FindLiveObjects: 0.136700 ms CreateObjectMapping: 0.057500 ms MarkObjects: 4.145500 ms  DeleteObjects: 0.017100 ms)

AssetImportParameters requested are different than current active one (requested -> active):
  custom:framework-win-MediaFoundation: 216162199b28c13a410421893ffa2e32 -> 
  custom:video-decoder-ogg-theora: a1e56fd34408186e4bbccfd4996cb3dc -> 
  custom:container-muxer-webm: aa71ff27fc2769a1b78a27578f13a17b -> 
  custom:container-demuxer-webm: 4f35f7cbe854078d1ac9338744f61a02 -> 
  custom:container-demuxer-ogg: 62fdf1f143b41e24485cea50d1cbac27 -> 
  custom:video-encoder-webm-vp8: eb34c28f22e8b96e1ab97ce403110664 -> 
  custom:video-decoder-webm-vp8: 9c59270c3fd7afecdb556c50c9e8de78 -> 
  custom:audio-decoder-ogg-vorbis: bf7c407c2cedff20999df2af8eb42d56 -> 
  custom:audio-encoder-webm-vorbis: bf7c407c2cedff20999df2af8eb42d56 -> 
AssetImportWorkerClient::OnTransportError - code=2 error=End of file
